2026-03-18 21:25:10.773 [error] [/home/Evethey/.vscode/extensions/ms-python.vscode-python-envs-1.22.0-linux-x64]: Extension is not compatible with Code 1.109.2. Extension requires: ^1.110.0-20260204.
2026-03-18 21:25:10.801 [error] [/home/Evethey/.vscode/extensions/ms-python.vscode-python-envs-1.22.0-linux-x64]: Extension is not compatible with Code 1.109.2. Extension requires: ^1.110.0-20260204.
2026-03-18 21:25:10.804 [error] [/home/Evethey/.vscode/extensions/ms-python.vscode-python-envs-1.22.0-linux-x64]: Extension is not compatible with Code 1.109.2. Extension requires: ^1.110.0-20260204.
2026-03-18 21:25:10.844 [info] Deleted marked for removal extension from disk ms-vscode.cpp-devtools /home/Evethey/.vscode/extensions/ms-vscode.cpp-devtools-0.3.6
2026-03-18 21:25:10.848 [error] [/home/Evethey/.vscode/extensions/ms-python.vscode-python-envs-1.22.0-linux-x64]: Extension is not compatible with Code 1.109.2. Extension requires: ^1.110.0-20260204.
2026-03-18 21:25:10.921 [error] [/home/Evethey/.vscode/extensions/ms-python.vscode-python-envs-1.22.0-linux-x64]: Extension is not compatible with Code 1.109.2. Extension requires: ^1.110.0-20260204.
2026-03-18 21:25:10.934 [error] [/home/Evethey/.vscode/extensions/ms-python.vscode-python-envs-1.22.0-linux-x64]: Extension is not compatible with Code 1.109.2. Extension requires: ^1.110.0-20260204.
2026-03-18 21:25:11.008 [error] [/home/Evethey/.vscode/extensions/ms-python.vscode-python-envs-1.22.0-linux-x64]: Extension is not compatible with Code 1.109.2. Extension requires: ^1.110.0-20260204.
2026-03-18 21:25:11.091 [error] [/home/Evethey/.vscode/extensions/ms-python.vscode-python-envs-1.22.0-linux-x64]: Extension is not compatible with Code 1.109.2. Extension requires: ^1.110.0-20260204.
2026-03-18 21:25:11.155 [error] [/home/Evethey/.vscode/extensions/ms-python.vscode-python-envs-1.22.0-linux-x64]: Extension is not compatible with Code 1.109.2. Extension requires: ^1.110.0-20260204.
2026-03-18 21:25:11.214 [error] [/home/Evethey/.vscode/extensions/ms-python.vscode-python-envs-1.22.0-linux-x64]: Extension is not compatible with Code 1.109.2. Extension requires: ^1.110.0-20260204.
2026-03-18 21:25:11.273 [error] [/home/Evethey/.vscode/extensions/ms-python.vscode-python-envs-1.22.0-linux-x64]: Extension is not compatible with Code 1.109.2. Extension requires: ^1.110.0-20260204.
2026-03-18 21:25:11.279 [error] [/home/Evethey/.vscode/extensions/ms-python.vscode-python-envs-1.22.0-linux-x64]: Extension is not compatible with Code 1.109.2. Extension requires: ^1.110.0-20260204.
2026-03-18 21:25:11.345 [error] [/home/Evethey/.vscode/extensions/ms-python.vscode-python-envs-1.22.0-linux-x64]: Extension is not compatible with Code 1.109.2. Extension requires: ^1.110.0-20260204.
2026-03-18 21:25:11.450 [error] [/home/Evethey/.vscode/extensions/ms-python.vscode-python-envs-1.22.0-linux-x64]: Extension is not compatible with Code 1.109.2. Extension requires: ^1.110.0-20260204.
2026-03-18 21:25:11.708 [error] [/home/Evethey/.vscode/extensions/ms-python.vscode-python-envs-1.22.0-linux-x64]: Extension is not compatible with Code 1.109.2. Extension requires: ^1.110.0-20260204.
2026-03-18 21:25:12.925 [error] [/home/Evethey/.vscode/extensions/ms-python.vscode-python-envs-1.22.0-linux-x64]: Extension is not compatible with Code 1.109.2. Extension requires: ^1.110.0-20260204.
2026-03-18 21:25:13.022 [error] [/home/Evethey/.vscode/extensions/ms-python.vscode-python-envs-1.22.0-linux-x64]: Extension is not compatible with Code 1.109.2. Extension requires: ^1.110.0-20260204.
2026-03-18 21:25:13.665 [error] [/home/Evethey/.vscode/extensions/ms-python.vscode-python-envs-1.22.0-linux-x64]: Extension is not compatible with Code 1.109.2. Extension requires: ^1.110.0-20260204.
2026-03-18 21:25:40.878 [info] Getting Manifest... ms-python.vscode-python-envs
2026-03-18 21:25:41.163 [info] Installing extension: ms-python.vscode-python-envs {"productVersion":{"version":"1.111.0","date":"2026-03-07T01:20:48.148Z"},"pinned":false,"operation":3,"isApplicationScoped":false,"profileLocation":{"$mid":1,"external":"vscode-userdata:/home/Evethey/.vscode/extensions/extensions.json","path":"/home/Evethey/.vscode/extensions/extensions.json","scheme":"vscode-userdata"}}
2026-03-18 21:25:41.212 [error] [/home/Evethey/.vscode/extensions/ms-python.vscode-python-envs-1.22.0-linux-x64]: Extension is not compatible with Code 1.109.2. Extension requires: ^1.110.0-20260204.
2026-03-18 21:25:41.214 [error] Error while installing the extension ms-python.vscode-python-envs Cannot read the extension from /home/Evethey/.vscode/extensions/ms-python.vscode-python-envs-1.22.0-linux-x64 vscode-userdata:/home/Evethey/.vscode/extensions/extensions.json
2026-03-18 21:25:41.234 [error] [/home/Evethey/.vscode/extensions/ms-python.vscode-python-envs-1.22.0-linux-x64]: Extension is not compatible with Code 1.109.2. Extension requires: ^1.110.0-20260204.
