2026-03-18 22:15:06.698 [info] Extension host with pid 269122 started
2026-03-18 22:15:06.698 [info] Skipping acquiring lock for /home/Evethey/.config/Code/User/workspaceStorage/179a80bc6b1bb989cf0294d4cb054b43.
2026-03-18 22:15:06.802 [info] ExtensionService#_doActivateExtension vscode.github-authentication, startup: false, activationEvent: 'onAuthenticationRequest:github'
2026-03-18 22:15:06.825 [info] ExtensionService#_doActivateExtension vscode.emmet, startup: false, activationEvent: 'onLanguage'
2026-03-18 22:15:06.915 [info] ExtensionService#_doActivateExtension vscode.git-base, startup: true, activationEvent: '*', root cause: vscode.git
2026-03-18 22:15:06.945 [info] ExtensionService#_doActivateExtension vscode.git, startup: true, activationEvent: '*'
2026-03-18 22:15:06.995 [info] ExtensionService#_doActivateExtension vscode.github, startup: true, activationEvent: '*'
2026-03-18 22:15:07.116 [info] Eager extensions activated
2026-03-18 22:15:07.165 [info] ExtensionService#_doActivateExtension vscode.debug-auto-launch, startup: false, activationEvent: 'onStartupFinished'
2026-03-18 22:15:07.166 [info] ExtensionService#_doActivateExtension vscode.merge-conflict, startup: false, activationEvent: 'onStartupFinished'
2026-03-18 22:15:07.182 [info] ExtensionService#_doActivateExtension formulahendry.code-runner, startup: false, activationEvent: 'onStartupFinished'
2026-03-18 22:15:07.191 [info] ExtensionService#_doActivateExtension shalldie.background, startup: false, activationEvent: 'onStartupFinished'
2026-03-18 22:15:07.354 [warning] [Decorations] CAPPING events from decorations provider vscode.git 7042
2026-03-18 22:15:07.958 [warning] [Decorations] CAPPING events from decorations provider vscode.git 7045
2026-03-18 22:15:09.807 [info] ExtensionService#_doActivateExtension vscode.extension-editing, startup: false, activationEvent: 'onLanguage:markdown'
2026-03-18 22:15:09.819 [info] ExtensionService#_doActivateExtension vscode.markdown-language-features, startup: false, activationEvent: 'onLanguage:markdown'
2026-03-18 22:15:10.134 [info] ExtensionService#_doActivateExtension vscode.markdown-math, startup: false, activationEvent: 'api', root cause: vscode.markdown-language-features
2026-03-18 22:15:11.356 [warning] [Decorations] CAPPING events from decorations provider vscode.git 7049
2026-03-18 22:15:16.433 [warning] [Decorations] CAPPING events from decorations provider vscode.git 7048
2026-03-18 22:15:21.509 [warning] [Decorations] CAPPING events from decorations provider vscode.git 7050
2026-03-18 22:15:26.572 [warning] [Decorations] CAPPING events from decorations provider vscode.git 7039
2026-03-18 22:15:31.635 [warning] [Decorations] CAPPING events from decorations provider vscode.git 7046
2026-03-18 22:15:36.701 [warning] [Decorations] CAPPING events from decorations provider vscode.git 7048
2026-03-18 22:15:41.765 [warning] [Decorations] CAPPING events from decorations provider vscode.git 7080
2026-03-18 22:15:42.298 [info] ExtensionService#_doActivateExtension yzhang.markdown-all-in-one, startup: false, activationEvent: 'api', root cause: vscode.markdown-language-features
2026-03-18 22:15:46.828 [warning] [Decorations] CAPPING events from decorations provider vscode.git 7081
2026-03-18 22:15:51.893 [warning] [Decorations] CAPPING events from decorations provider vscode.git 7080
2026-03-18 22:15:56.960 [warning] [Decorations] CAPPING events from decorations provider vscode.git 7080
2026-03-18 22:16:02.021 [warning] [Decorations] CAPPING events from decorations provider vscode.git 7080
2026-03-18 22:16:07.082 [warning] [Decorations] CAPPING events from decorations provider vscode.git 7080
2026-03-18 22:16:12.145 [warning] [Decorations] CAPPING events from decorations provider vscode.git 7083
2026-03-18 22:16:17.206 [warning] [Decorations] CAPPING events from decorations provider vscode.git 7084
2026-03-18 22:16:18.577 [info] Extension host terminating: renderer closed the MessagePort
2026-03-18 22:16:18.604 [info] Extension host with pid 269122 exiting with code 0
