2026-03-18 22:16:21.171 [info] Extension host with pid 271053 started
2026-03-18 22:16:21.171 [info] Skipping acquiring lock for /home/Evethey/.config/Code/User/workspaceStorage/179a80bc6b1bb989cf0294d4cb054b43.
2026-03-18 22:16:21.310 [info] ExtensionService#_doActivateExtension vscode.github-authentication, startup: false, activationEvent: 'onAuthenticationRequest:github'
2026-03-18 22:16:21.332 [info] ExtensionService#_doActivateExtension vscode.emmet, startup: false, activationEvent: 'onLanguage'
2026-03-18 22:16:21.472 [info] ExtensionService#_doActivateExtension vscode.git-base, startup: true, activationEvent: '*', root cause: vscode.git
2026-03-18 22:16:21.474 [info] ExtensionService#_doActivateExtension yzhang.markdown-all-in-one, startup: true, activationEvent: 'workspaceContains:README.md'
2026-03-18 22:16:21.595 [info] ExtensionService#_doActivateExtension vscode.markdown-math, startup: false, activationEvent: 'api', root cause: yzhang.markdown-all-in-one
2026-03-18 22:16:21.607 [info] ExtensionService#_doActivateExtension vscode.git, startup: true, activationEvent: '*'
2026-03-18 22:16:21.654 [info] ExtensionService#_doActivateExtension vscode.github, startup: true, activationEvent: '*'
2026-03-18 22:16:21.783 [info] Eager extensions activated
2026-03-18 22:16:21.821 [info] ExtensionService#_doActivateExtension vscode.debug-auto-launch, startup: false, activationEvent: 'onStartupFinished'
2026-03-18 22:16:21.823 [info] ExtensionService#_doActivateExtension vscode.merge-conflict, startup: false, activationEvent: 'onStartupFinished'
2026-03-18 22:16:21.839 [info] ExtensionService#_doActivateExtension formulahendry.code-runner, startup: false, activationEvent: 'onStartupFinished'
2026-03-18 22:16:21.849 [info] ExtensionService#_doActivateExtension shalldie.background, startup: false, activationEvent: 'onStartupFinished'
2026-03-18 22:16:22.054 [warning] [Decorations] CAPPING events from decorations provider vscode.git 7091
2026-03-18 22:16:22.079 [info] ExtensionService#_doActivateExtension vscode.css-language-features, startup: false, activationEvent: 'onLanguage:css'
2026-03-18 22:16:22.707 [warning] [Decorations] CAPPING events from decorations provider vscode.git 7094
2026-03-18 22:16:22.759 [info] ExtensionService#_doActivateExtension vscode.configuration-editing, startup: false, activationEvent: 'onLanguage:jsonc'
2026-03-18 22:16:22.765 [info] ExtensionService#_doActivateExtension vscode.json-language-features, startup: false, activationEvent: 'onLanguage:jsonc'
2026-03-18 22:16:22.808 [info] ExtensionService#_doActivateExtension vscode.typescript-language-features, startup: false, activationEvent: 'onLanguage:jsonc'
2026-03-18 22:16:24.704 [info] ExtensionService#_doActivateExtension vscode.extension-editing, startup: false, activationEvent: 'onLanguage:markdown'
2026-03-18 22:16:24.715 [info] ExtensionService#_doActivateExtension vscode.markdown-language-features, startup: false, activationEvent: 'onLanguage:markdown'
2026-03-18 22:16:26.172 [warning] [Decorations] CAPPING events from decorations provider vscode.git 7099
2026-03-18 22:16:31.242 [warning] [Decorations] CAPPING events from decorations provider vscode.git 7104
2026-03-18 22:17:03.716 [warning] [Decorations] CAPPING events from decorations provider vscode.git 7081
2026-03-18 22:17:15.000 [warning] [Decorations] CAPPING events from decorations provider vscode.git 7081
2026-03-18 22:17:20.068 [warning] [Decorations] CAPPING events from decorations provider vscode.git 7081
2026-03-18 22:17:25.136 [warning] [Decorations] CAPPING events from decorations provider vscode.git 7082
2026-03-18 22:17:30.199 [warning] [Decorations] CAPPING events from decorations provider vscode.git 7082
2026-03-18 22:17:35.264 [warning] [Decorations] CAPPING events from decorations provider vscode.git 7083
2026-03-18 22:18:00.117 [warning] [Decorations] CAPPING events from decorations provider vscode.git 7084
2026-03-18 22:18:05.180 [warning] [Decorations] CAPPING events from decorations provider vscode.git 7083
2026-03-18 22:18:10.242 [warning] [Decorations] CAPPING events from decorations provider vscode.git 7083
2026-03-18 22:18:15.306 [warning] [Decorations] CAPPING events from decorations provider vscode.git 7088
2026-03-18 22:18:20.371 [warning] [Decorations] CAPPING events from decorations provider vscode.git 7082
2026-03-18 22:18:25.434 [warning] [Decorations] CAPPING events from decorations provider vscode.git 7082
2026-03-18 22:18:37.568 [warning] [Decorations] CAPPING events from decorations provider vscode.git 7083
2026-03-18 22:18:42.644 [warning] [Decorations] CAPPING events from decorations provider vscode.git 7083
2026-03-18 22:18:47.709 [warning] [Decorations] CAPPING events from decorations provider vscode.git 7082
2026-03-18 22:18:52.772 [warning] [Decorations] CAPPING events from decorations provider vscode.git 7083
2026-03-18 22:18:59.263 [warning] [Decorations] CAPPING events from decorations provider vscode.git 7083
2026-03-18 22:19:04.328 [warning] [Decorations] CAPPING events from decorations provider vscode.git 7083
2026-03-18 22:19:22.471 [warning] [Decorations] CAPPING events from decorations provider vscode.git 7083
2026-03-18 22:19:28.688 [warning] [Decorations] CAPPING events from decorations provider vscode.git 7083
2026-03-18 22:19:33.756 [warning] [Decorations] CAPPING events from decorations provider vscode.git 7083
2026-03-18 22:20:15.973 [warning] [Decorations] CAPPING events from decorations provider vscode.git 7084
2026-03-18 22:20:21.035 [warning] [Decorations] CAPPING events from decorations provider vscode.git 7084
2026-03-18 22:20:26.098 [warning] [Decorations] CAPPING events from decorations provider vscode.git 7084
2026-03-18 22:20:31.170 [warning] [Decorations] CAPPING events from decorations provider vscode.git 7084
2026-03-18 22:20:36.241 [warning] [Decorations] CAPPING events from decorations provider vscode.git 7084
2026-03-18 22:20:41.313 [warning] [Decorations] CAPPING events from decorations provider vscode.git 7084
2026-03-18 22:20:53.742 [warning] [Decorations] CAPPING events from decorations provider vscode.git 7084
2026-03-18 22:21:06.104 [warning] [Decorations] CAPPING events from decorations provider vscode.git 7085
2026-03-18 22:21:35.403 [warning] [Decorations] CAPPING events from decorations provider vscode.git 7088
2026-03-18 22:21:40.467 [warning] [Decorations] CAPPING events from decorations provider vscode.git 7087
2026-03-18 22:21:45.529 [warning] [Decorations] CAPPING events from decorations provider vscode.git 7088
2026-03-18 22:21:50.595 [warning] [Decorations] CAPPING events from decorations provider vscode.git 7089
2026-03-18 22:21:55.658 [warning] [Decorations] CAPPING events from decorations provider vscode.git 7089
2026-03-18 22:22:00.718 [warning] [Decorations] CAPPING events from decorations provider vscode.git 7089
2026-03-18 22:22:06.365 [warning] [Decorations] CAPPING events from decorations provider vscode.git 7089
