2026-03-18 21:37:25.127 [info] [main] Log level: Info
2026-03-18 21:37:25.127 [info] [main] Validating found git in: "git"
2026-03-18 21:37:25.127 [info] [main] Using git "2.53.0" from "git"
2026-03-18 21:37:25.127 [info] [Model][doInitialScan] Initial repository scan started
2026-03-18 21:37:25.127 [info] > git rev-parse --show-toplevel [2ms]
2026-03-18 21:37:25.127 [info] fatal: not a git repository (or any of the parent directories): .git
2026-03-18 21:37:25.127 [info] > git rev-parse --show-toplevel [3ms]
2026-03-18 21:37:25.127 [info] fatal: not a git repository (or any of the parent directories): .git
2026-03-18 21:37:25.127 [info] > git rev-parse --show-toplevel [3ms]
2026-03-18 21:37:25.127 [info] fatal: not a git repository (or any of the parent directories): .git
2026-03-18 21:37:25.127 [info] > git rev-parse --show-toplevel [1ms]
2026-03-18 21:37:25.127 [info] fatal: not a git repository (or any of the parent directories): .git
2026-03-18 21:37:25.127 [info] > git rev-parse --show-toplevel [0ms]
2026-03-18 21:37:25.127 [info] fatal: not a git repository (or any of the parent directories): .git
2026-03-18 21:37:25.127 [info] > git rev-parse --show-toplevel [1ms]
2026-03-18 21:37:25.127 [info] fatal: not a git repository (or any of the parent directories): .git
2026-03-18 21:37:25.127 [info] > git rev-parse --show-toplevel [3ms]
2026-03-18 21:37:25.127 [info] fatal: not a git repository (or any of the parent directories): .git
2026-03-18 21:37:25.127 [info] > git rev-parse --show-toplevel [1ms]
2026-03-18 21:37:25.127 [info] fatal: not a git repository (or any of the parent directories): .git
2026-03-18 21:37:25.127 [info] > git rev-parse --show-toplevel [1ms]
2026-03-18 21:37:25.127 [info] fatal: not a git repository (or any of the parent directories): .git
2026-03-18 21:37:25.127 [info] > git rev-parse --show-toplevel [21ms]
2026-03-18 21:37:25.127 [info] fatal: not a git repository (or any of the parent directories): .git
2026-03-18 21:37:25.202 [info] > git rev-parse --show-toplevel [75ms]
2026-03-18 21:37:25.203 [info] fatal: not a git repository (or any of the parent directories): .git
2026-03-18 21:37:25.236 [info] > git rev-parse --show-toplevel [10ms]
2026-03-18 21:37:25.236 [info] fatal: not a git repository (or any of the parent directories): .git
2026-03-18 21:37:25.244 [info] > git rev-parse --show-toplevel [3ms]
2026-03-18 21:37:25.244 [info] fatal: not a git repository (or any of the parent directories): .git
2026-03-18 21:37:25.249 [info] > git rev-parse --show-toplevel [1ms]
2026-03-18 21:37:25.249 [info] fatal: not a git repository (or any of the parent directories): .git
2026-03-18 21:37:25.255 [info] > git rev-parse --show-toplevel [2ms]
2026-03-18 21:37:25.255 [info] fatal: not a git repository (or any of the parent directories): .git
2026-03-18 21:37:25.260 [info] > git rev-parse --show-toplevel [1ms]
2026-03-18 21:37:25.260 [info] fatal: not a git repository (or any of the parent directories): .git
2026-03-18 21:37:25.265 [info] > git rev-parse --show-toplevel [1ms]
2026-03-18 21:37:25.265 [info] fatal: not a git repository (or any of the parent directories): .git
2026-03-18 21:37:25.271 [info] > git rev-parse --show-toplevel [2ms]
2026-03-18 21:37:25.271 [info] fatal: not a git repository (or any of the parent directories): .git
2026-03-18 21:37:25.277 [info] > git rev-parse --show-toplevel [2ms]
2026-03-18 21:37:25.277 [info] fatal: not a git repository (or any of the parent directories): .git
2026-03-18 21:37:25.281 [info] > git rev-parse --show-toplevel [1ms]
2026-03-18 21:37:25.281 [info] fatal: not a git repository (or any of the parent directories): .git
2026-03-18 21:37:25.285 [info] > git rev-parse --show-toplevel [1ms]
2026-03-18 21:37:25.286 [info] fatal: not a git repository (or any of the parent directories): .git
2026-03-18 21:37:25.290 [info] > git rev-parse --show-toplevel [1ms]
2026-03-18 21:37:25.290 [info] fatal: not a git repository (or any of the parent directories): .git
2026-03-18 21:37:25.322 [info] > git rev-parse --show-toplevel [26ms]
2026-03-18 21:37:25.323 [info] fatal: not a git repository (or any of the parent directories): .git
2026-03-18 21:37:25.329 [info] > git rev-parse --show-toplevel [1ms]
2026-03-18 21:37:25.330 [info] fatal: not a git repository (or any of the parent directories): .git
2026-03-18 21:37:25.334 [info] > git rev-parse --show-toplevel [0ms]
2026-03-18 21:37:25.334 [info] fatal: not a git repository (or any of the parent directories): .git
2026-03-18 21:37:25.343 [info] > git rev-parse --show-toplevel [6ms]
2026-03-18 21:37:25.343 [info] fatal: not a git repository (or any of the parent directories): .git
2026-03-18 21:37:25.348 [info] > git rev-parse --show-toplevel [1ms]
2026-03-18 21:37:25.348 [info] fatal: not a git repository (or any of the parent directories): .git
2026-03-18 21:37:25.353 [info] > git rev-parse --show-toplevel [1ms]
2026-03-18 21:37:25.353 [info] fatal: not a git repository (or any of the parent directories): .git
2026-03-18 21:37:25.357 [info] > git rev-parse --show-toplevel [1ms]
2026-03-18 21:37:25.357 [info] fatal: not a git repository (or any of the parent directories): .git
2026-03-18 21:37:25.360 [info] [Model][doInitialScan] Initial repository scan completed - repositories (0), closed repositories (0), parent repositories (0), unsafe repositories (0)
2026-03-18 21:37:25.364 [info] > git rev-parse --show-toplevel [1ms]
2026-03-18 21:37:25.364 [info] fatal: not a git repository (or any of the parent directories): .git
2026-03-18 21:37:25.369 [info] > git rev-parse --show-toplevel [1ms]
2026-03-18 21:37:25.369 [info] fatal: not a git repository (or any of the parent directories): .git
2026-03-18 21:37:25.373 [info] > git rev-parse --show-toplevel [1ms]
2026-03-18 21:37:25.373 [info] fatal: not a git repository (or any of the parent directories): .git
2026-03-18 21:37:25.399 [info] > git rev-parse --show-toplevel [1ms]
2026-03-18 21:37:25.399 [info] fatal: not a git repository (or any of the parent directories): .git
2026-03-18 21:37:26.734 [info] > git rev-parse --show-toplevel [1ms]
2026-03-18 21:37:26.734 [info] fatal: not a git repository (or any of the parent directories): .git
