2026-03-18 22:15:06.566 [error] [/home/Evethey/.vscode/extensions/ms-python.vscode-python-envs-1.22.0-linux-x64]: Extension is not compatible with Code 1.109.2. Extension requires: ^1.110.0-20260204.
2026-03-18 22:15:06.592 [error] [/home/Evethey/.vscode/extensions/ms-python.vscode-python-envs-1.22.0-linux-x64]: Extension is not compatible with Code 1.109.2. Extension requires: ^1.110.0-20260204.
2026-03-18 22:15:06.597 [error] [/home/Evethey/.vscode/extensions/ms-python.vscode-python-envs-1.22.0-linux-x64]: Extension is not compatible with Code 1.109.2. Extension requires: ^1.110.0-20260204.
2026-03-18 22:15:06.693 [error] [/home/Evethey/.vscode/extensions/ms-python.vscode-python-envs-1.22.0-linux-x64]: Extension is not compatible with Code 1.109.2. Extension requires: ^1.110.0-20260204.
2026-03-18 22:15:06.765 [error] [/home/Evethey/.vscode/extensions/ms-python.vscode-python-envs-1.22.0-linux-x64]: Extension is not compatible with Code 1.109.2. Extension requires: ^1.110.0-20260204.
2026-03-18 22:15:06.863 [error] [/home/Evethey/.vscode/extensions/ms-python.vscode-python-envs-1.22.0-linux-x64]: Extension is not compatible with Code 1.109.2. Extension requires: ^1.110.0-20260204.
2026-03-18 22:15:06.919 [error] [/home/Evethey/.vscode/extensions/ms-python.vscode-python-envs-1.22.0-linux-x64]: Extension is not compatible with Code 1.109.2. Extension requires: ^1.110.0-20260204.
2026-03-18 22:15:06.976 [error] [/home/Evethey/.vscode/extensions/ms-python.vscode-python-envs-1.22.0-linux-x64]: Extension is not compatible with Code 1.109.2. Extension requires: ^1.110.0-20260204.
2026-03-18 22:15:07.028 [error] [/home/Evethey/.vscode/extensions/ms-python.vscode-python-envs-1.22.0-linux-x64]: Extension is not compatible with Code 1.109.2. Extension requires: ^1.110.0-20260204.
2026-03-18 22:15:07.062 [error] [/home/Evethey/.vscode/extensions/ms-python.vscode-python-envs-1.22.0-linux-x64]: Extension is not compatible with Code 1.109.2. Extension requires: ^1.110.0-20260204.
2026-03-18 22:15:07.067 [error] [/home/Evethey/.vscode/extensions/ms-python.vscode-python-envs-1.22.0-linux-x64]: Extension is not compatible with Code 1.109.2. Extension requires: ^1.110.0-20260204.
2026-03-18 22:15:07.110 [error] [/home/Evethey/.vscode/extensions/ms-python.vscode-python-envs-1.22.0-linux-x64]: Extension is not compatible with Code 1.109.2. Extension requires: ^1.110.0-20260204.
2026-03-18 22:15:07.249 [error] [/home/Evethey/.vscode/extensions/ms-python.vscode-python-envs-1.22.0-linux-x64]: Extension is not compatible with Code 1.109.2. Extension requires: ^1.110.0-20260204.
2026-03-18 22:15:07.494 [error] [/home/Evethey/.vscode/extensions/ms-python.vscode-python-envs-1.22.0-linux-x64]: Extension is not compatible with Code 1.109.2. Extension requires: ^1.110.0-20260204.
2026-03-18 22:15:08.715 [error] [/home/Evethey/.vscode/extensions/ms-python.vscode-python-envs-1.22.0-linux-x64]: Extension is not compatible with Code 1.109.2. Extension requires: ^1.110.0-20260204.
2026-03-18 22:15:08.835 [error] [/home/Evethey/.vscode/extensions/ms-python.vscode-python-envs-1.22.0-linux-x64]: Extension is not compatible with Code 1.109.2. Extension requires: ^1.110.0-20260204.
2026-03-18 22:15:09.468 [error] [/home/Evethey/.vscode/extensions/ms-python.vscode-python-envs-1.22.0-linux-x64]: Extension is not compatible with Code 1.109.2. Extension requires: ^1.110.0-20260204.
2026-03-18 22:15:17.164 [error] [/home/Evethey/.vscode/extensions/ms-python.vscode-python-envs-1.22.0-linux-x64]: Extension is not compatible with Code 1.109.2. Extension requires: ^1.110.0-20260204.
2026-03-18 22:15:18.976 [error] [/home/Evethey/.vscode/extensions/ms-python.vscode-python-envs-1.22.0-linux-x64]: Extension is not compatible with Code 1.109.2. Extension requires: ^1.110.0-20260204.
2026-03-18 22:15:19.511 [error] [/home/Evethey/.vscode/extensions/ms-python.vscode-python-envs-1.22.0-linux-x64]: Extension is not compatible with Code 1.109.2. Extension requires: ^1.110.0-20260204.
2026-03-18 22:15:19.858 [error] [/home/Evethey/.vscode/extensions/ms-python.vscode-python-envs-1.22.0-linux-x64]: Extension is not compatible with Code 1.109.2. Extension requires: ^1.110.0-20260204.
2026-03-18 22:15:32.167 [error] [/home/Evethey/.vscode/extensions/ms-python.vscode-python-envs-1.22.0-linux-x64]: Extension is not compatible with Code 1.109.2. Extension requires: ^1.110.0-20260204.
2026-03-18 22:15:36.706 [info] Getting Manifest... ms-python.vscode-python-envs
2026-03-18 22:15:36.962 [info] Installing extension: ms-python.vscode-python-envs {"productVersion":{"version":"1.111.0","date":"2026-03-07T01:20:48.148Z"},"pinned":false,"operation":3,"isApplicationScoped":false,"profileLocation":{"$mid":1,"external":"vscode-userdata:/home/Evethey/.vscode/extensions/extensions.json","path":"/home/Evethey/.vscode/extensions/extensions.json","scheme":"vscode-userdata"}}
2026-03-18 22:15:37.037 [error] [/home/Evethey/.vscode/extensions/ms-python.vscode-python-envs-1.22.0-linux-x64]: Extension is not compatible with Code 1.109.2. Extension requires: ^1.110.0-20260204.
2026-03-18 22:15:37.039 [error] Error while installing the extension ms-python.vscode-python-envs Cannot read the extension from /home/Evethey/.vscode/extensions/ms-python.vscode-python-envs-1.22.0-linux-x64 vscode-userdata:/home/Evethey/.vscode/extensions/extensions.json
2026-03-18 22:15:37.069 [error] [/home/Evethey/.vscode/extensions/ms-python.vscode-python-envs-1.22.0-linux-x64]: Extension is not compatible with Code 1.109.2. Extension requires: ^1.110.0-20260204.
2026-03-18 22:15:40.253 [info] Getting Manifest... yzhang.markdown-all-in-one
2026-03-18 22:15:40.445 [info] Installing extension: yzhang.markdown-all-in-one {"isMachineScoped":false,"installPreReleaseVersion":false,"pinned":false,"profileLocation":{"$mid":1,"external":"vscode-userdata:/home/Evethey/.vscode/extensions/extensions.json","path":"/home/Evethey/.vscode/extensions/extensions.json","scheme":"vscode-userdata"},"isApplicationScoped":false,"productVersion":{"version":"1.109.2","date":"2026-02-10T20:18:23.520Z"}}
2026-03-18 22:15:40.460 [error] [/home/Evethey/.vscode/extensions/ms-python.vscode-python-envs-1.22.0-linux-x64]: Extension is not compatible with Code 1.109.2. Extension requires: ^1.110.0-20260204.
2026-03-18 22:15:40.501 [error] [/home/Evethey/.vscode/extensions/ms-python.vscode-python-envs-1.22.0-linux-x64]: Extension is not compatible with Code 1.109.2. Extension requires: ^1.110.0-20260204.
2026-03-18 22:15:41.889 [info] Extension signature verification result for yzhang.markdown-all-in-one: Success. Internal Code: 0. Executed: true. Duration: 550ms.
2026-03-18 22:15:41.932 [info] Extracted extension to file:///home/Evethey/.vscode/extensions/yzhang.markdown-all-in-one-3.6.3: yzhang.markdown-all-in-one
2026-03-18 22:15:41.937 [info] Renamed to /home/Evethey/.vscode/extensions/yzhang.markdown-all-in-one-3.6.3
2026-03-18 22:15:41.948 [error] [/home/Evethey/.vscode/extensions/ms-python.vscode-python-envs-1.22.0-linux-x64]: Extension is not compatible with Code 1.109.2. Extension requires: ^1.110.0-20260204.
2026-03-18 22:15:41.951 [info] Extension installed successfully: yzhang.markdown-all-in-one vscode-userdata:/home/Evethey/.vscode/extensions/extensions.json
2026-03-18 22:15:41.987 [error] [/home/Evethey/.vscode/extensions/ms-python.vscode-python-envs-1.22.0-linux-x64]: Extension is not compatible with Code 1.109.2. Extension requires: ^1.110.0-20260204.
2026-03-18 22:16:16.427 [info] Getting Manifest... shd101wyy.markdown-preview-enhanced
2026-03-18 22:16:16.730 [info] Installing extension: shd101wyy.markdown-preview-enhanced {"isMachineScoped":false,"installPreReleaseVersion":false,"pinned":false,"profileLocation":{"$mid":1,"external":"vscode-userdata:/home/Evethey/.vscode/extensions/extensions.json","path":"/home/Evethey/.vscode/extensions/extensions.json","scheme":"vscode-userdata"},"isApplicationScoped":false,"productVersion":{"version":"1.109.2","date":"2026-02-10T20:18:23.520Z"}}
2026-03-18 22:16:16.753 [error] [/home/Evethey/.vscode/extensions/ms-python.vscode-python-envs-1.22.0-linux-x64]: Extension is not compatible with Code 1.109.2. Extension requires: ^1.110.0-20260204.
2026-03-18 22:16:16.815 [error] [/home/Evethey/.vscode/extensions/ms-python.vscode-python-envs-1.22.0-linux-x64]: Extension is not compatible with Code 1.109.2. Extension requires: ^1.110.0-20260204.
