2026-03-18 22:15:07.095 [info] [main] Log level: Info
2026-03-18 22:15:07.095 [info] [main] Validating found git in: "git"
2026-03-18 22:15:07.095 [info] [main] Using git "2.53.0" from "git"
2026-03-18 22:15:07.095 [info] [Model][doInitialScan] Initial repository scan started
2026-03-18 22:15:07.095 [info] > git rev-parse --show-toplevel [9ms]
2026-03-18 22:15:07.095 [info] > git rev-parse --git-dir --git-common-dir --show-superproject-working-tree [4ms]
2026-03-18 22:15:07.138 [info] [Model][openRepository] Opened repository (path): /home/Evethey/.config
2026-03-18 22:15:07.138 [info] [Model][openRepository] Opened repository (real path): /home/Evethey/.config
2026-03-18 22:15:07.138 [info] [Model][openRepository] Opened repository (kind): repository
2026-03-18 22:15:07.148 [info] > git config --get commit.template [3ms]
2026-03-18 22:15:07.148 [info] > git rev-parse --show-toplevel [2ms]
2026-03-18 22:15:07.151 [info] [Git][getRemotes] No remotes found in the git config file
2026-03-18 22:15:07.155 [info] > git for-each-ref --format=%(refname)%00%(upstream:short)%00%(objectname)%00%(upstream:track)%00%(upstream:remotename)%00%(upstream:remoteref) refs/heads/master refs/remotes/master [4ms]
2026-03-18 22:15:07.155 [warning] [Git][getBranch] No such branch: master
2026-03-18 22:15:07.164 [info] > git rev-parse --show-toplevel [10ms]
2026-03-18 22:15:07.248 [info] > git for-each-ref --sort -committerdate --format %(refname)%00%(objectname)%00%(*objectname) [85ms]
2026-03-18 22:15:07.279 [info] > git rev-parse --show-toplevel [33ms]
2026-03-18 22:15:07.286 [info] > git status -z -uall [128ms]
2026-03-18 22:15:07.286 [info] > git rev-parse --show-toplevel [2ms]
2026-03-18 22:15:07.374 [info] > git for-each-ref --format=%(refname)%00%(upstream:short)%00%(objectname)%00%(upstream:track)%00%(upstream:remotename)%00%(upstream:remoteref) refs/heads/master refs/remotes/master [10ms]
2026-03-18 22:15:07.374 [warning] [Git][getBranch] No such branch: master
2026-03-18 22:15:07.374 [error] [GitHistoryProvider][resolveHEADMergeBase] Failed to resolve merge base for master: Error: No such branch: master.
2026-03-18 22:15:07.375 [info] > git rev-parse --show-toplevel [85ms]
2026-03-18 22:15:07.384 [info] > git config --get commit.template [13ms]
2026-03-18 22:15:07.387 [info] > git rev-parse --show-toplevel [4ms]
2026-03-18 22:15:07.394 [info] [Git][getRemotes] No remotes found in the git config file
2026-03-18 22:15:07.401 [info] > git for-each-ref --format=%(refname)%00%(upstream:short)%00%(objectname)%00%(upstream:track)%00%(upstream:remotename)%00%(upstream:remoteref) refs/heads/master refs/remotes/master [8ms]
2026-03-18 22:15:07.401 [warning] [Git][getBranch] No such branch: master
2026-03-18 22:15:07.875 [info] > git for-each-ref --sort -committerdate --format %(refname)%00%(objectname)%00%(*objectname) [463ms]
2026-03-18 22:15:07.875 [info] > git rev-parse --show-toplevel [477ms]
2026-03-18 22:15:07.904 [info] > git rev-parse --show-toplevel [2ms]
2026-03-18 22:15:07.910 [info] > git status -z -uall [503ms]
2026-03-18 22:15:07.910 [info] > git rev-parse --show-toplevel [2ms]
2026-03-18 22:15:07.964 [info] > git rev-parse --show-toplevel [51ms]
2026-03-18 22:15:07.972 [info] > git rev-parse --show-toplevel [4ms]
2026-03-18 22:15:07.978 [info] > git rev-parse --show-toplevel [2ms]
2026-03-18 22:15:07.982 [info] > git rev-parse --show-toplevel [1ms]
2026-03-18 22:15:07.985 [info] > git rev-parse --show-toplevel [1ms]
2026-03-18 22:15:07.998 [info] > git rev-parse --show-toplevel [10ms]
2026-03-18 22:15:08.010 [info] > git rev-parse --show-toplevel [1ms]
2026-03-18 22:15:08.014 [info] > git rev-parse --show-toplevel [1ms]
2026-03-18 22:15:08.018 [info] > git rev-parse --show-toplevel [0ms]
2026-03-18 22:15:08.022 [info] > git rev-parse --show-toplevel [1ms]
2026-03-18 22:15:08.025 [info] > git rev-parse --show-toplevel [1ms]
2026-03-18 22:15:08.441 [info] > git rev-parse --show-toplevel [413ms]
2026-03-18 22:15:08.453 [info] > git check-ignore -v -z --stdin [6ms]
2026-03-18 22:15:08.454 [info] > git rev-parse --show-toplevel [2ms]
2026-03-18 22:15:08.458 [info] > git rev-parse --show-toplevel [1ms]
2026-03-18 22:15:08.462 [info] > git rev-parse --show-toplevel [1ms]
2026-03-18 22:15:08.466 [info] > git rev-parse --show-toplevel [1ms]
2026-03-18 22:15:08.469 [info] > git rev-parse --show-toplevel [1ms]
2026-03-18 22:15:08.475 [info] > git rev-parse --show-toplevel [3ms]
2026-03-18 22:15:08.480 [info] > git rev-parse --show-toplevel [1ms]
2026-03-18 22:15:08.484 [info] > git rev-parse --show-toplevel [1ms]
2026-03-18 22:15:08.487 [info] > git rev-parse --show-toplevel [1ms]
2026-03-18 22:15:08.489 [info] [Model][doInitialScan] Initial repository scan completed - repositories (1), closed repositories (0), parent repositories (0), unsafe repositories (0)
2026-03-18 22:15:11.295 [info] [Git][getRemotes] No remotes found in the git config file
2026-03-18 22:15:11.299 [info] > git config --get commit.template [4ms]
2026-03-18 22:15:11.299 [info] > git for-each-ref --format=%(refname)%00%(upstream:short)%00%(objectname)%00%(upstream:track)%00%(upstream:remotename)%00%(upstream:remoteref) refs/heads/master refs/remotes/master [1ms]
2026-03-18 22:15:11.299 [warning] [Git][getBranch] No such branch: master
2026-03-18 22:15:11.306 [info] > git for-each-ref --sort -committerdate --format %(refname)%00%(objectname)%00%(*objectname) [1ms]
2026-03-18 22:15:11.318 [info] > git status -z -uall [16ms]
2026-03-18 22:15:13.088 [info] > git check-ignore -v -z --stdin [1ms]
2026-03-18 22:15:16.370 [info] [Git][getRemotes] No remotes found in the git config file
2026-03-18 22:15:16.370 [info] > git config --get commit.template [4ms]
2026-03-18 22:15:16.371 [info] > git for-each-ref --format=%(refname)%00%(upstream:short)%00%(objectname)%00%(upstream:track)%00%(upstream:remotename)%00%(upstream:remoteref) refs/heads/master refs/remotes/master [1ms]
2026-03-18 22:15:16.371 [warning] [Git][getBranch] No such branch: master
2026-03-18 22:15:16.379 [info] > git for-each-ref --sort -committerdate --format %(refname)%00%(objectname)%00%(*objectname) [1ms]
2026-03-18 22:15:16.390 [info] > git status -z -uall [16ms]
2026-03-18 22:15:21.455 [info] [Git][getRemotes] No remotes found in the git config file
2026-03-18 22:15:21.455 [info] > git config --get commit.template [4ms]
2026-03-18 22:15:21.456 [info] > git for-each-ref --format=%(refname)%00%(upstream:short)%00%(objectname)%00%(upstream:track)%00%(upstream:remotename)%00%(upstream:remoteref) refs/heads/master refs/remotes/master [2ms]
2026-03-18 22:15:21.456 [warning] [Git][getBranch] No such branch: master
2026-03-18 22:15:21.463 [info] > git for-each-ref --sort -committerdate --format %(refname)%00%(objectname)%00%(*objectname) [1ms]
2026-03-18 22:15:21.475 [info] > git status -z -uall [16ms]
2026-03-18 22:15:26.521 [info] [Git][getRemotes] No remotes found in the git config file
2026-03-18 22:15:26.522 [info] > git config --get commit.template [5ms]
2026-03-18 22:15:26.522 [info] > git for-each-ref --format=%(refname)%00%(upstream:short)%00%(objectname)%00%(upstream:track)%00%(upstream:remotename)%00%(upstream:remoteref) refs/heads/master refs/remotes/master [1ms]
2026-03-18 22:15:26.522 [warning] [Git][getBranch] No such branch: master
2026-03-18 22:15:26.531 [info] > git for-each-ref --sort -committerdate --format %(refname)%00%(objectname)%00%(*objectname) [1ms]
2026-03-18 22:15:26.542 [info] > git status -z -uall [16ms]
2026-03-18 22:15:31.585 [info] [Git][getRemotes] No remotes found in the git config file
2026-03-18 22:15:31.585 [info] > git config --get commit.template [4ms]
2026-03-18 22:15:31.585 [info] > git for-each-ref --format=%(refname)%00%(upstream:short)%00%(objectname)%00%(upstream:track)%00%(upstream:remotename)%00%(upstream:remoteref) refs/heads/master refs/remotes/master [1ms]
2026-03-18 22:15:31.585 [warning] [Git][getBranch] No such branch: master
2026-03-18 22:15:31.593 [info] > git for-each-ref --sort -committerdate --format %(refname)%00%(objectname)%00%(*objectname) [1ms]
2026-03-18 22:15:31.605 [info] > git status -z -uall [16ms]
2026-03-18 22:15:36.645 [info] > git config --get commit.template [1ms]
2026-03-18 22:15:36.650 [info] [Git][getRemotes] No remotes found in the git config file
2026-03-18 22:15:36.651 [info] > git for-each-ref --format=%(refname)%00%(upstream:short)%00%(objectname)%00%(upstream:track)%00%(upstream:remotename)%00%(upstream:remoteref) refs/heads/master refs/remotes/master [1ms]
2026-03-18 22:15:36.651 [warning] [Git][getBranch] No such branch: master
2026-03-18 22:15:36.659 [info] > git for-each-ref --sort -committerdate --format %(refname)%00%(objectname)%00%(*objectname) [1ms]
2026-03-18 22:15:36.671 [info] > git status -z -uall [16ms]
2026-03-18 22:15:41.714 [info] [Git][getRemotes] No remotes found in the git config file
2026-03-18 22:15:41.715 [info] > git config --get commit.template [4ms]
2026-03-18 22:15:41.715 [info] > git for-each-ref --format=%(refname)%00%(upstream:short)%00%(objectname)%00%(upstream:track)%00%(upstream:remotename)%00%(upstream:remoteref) refs/heads/master refs/remotes/master [1ms]
2026-03-18 22:15:41.715 [warning] [Git][getBranch] No such branch: master
2026-03-18 22:15:41.722 [info] > git for-each-ref --sort -committerdate --format %(refname)%00%(objectname)%00%(*objectname) [1ms]
2026-03-18 22:15:41.734 [info] > git status -z -uall [16ms]
2026-03-18 22:15:46.778 [info] [Git][getRemotes] No remotes found in the git config file
2026-03-18 22:15:46.778 [info] > git config --get commit.template [5ms]
2026-03-18 22:15:46.778 [info] > git for-each-ref --format=%(refname)%00%(upstream:short)%00%(objectname)%00%(upstream:track)%00%(upstream:remotename)%00%(upstream:remoteref) refs/heads/master refs/remotes/master [0ms]
2026-03-18 22:15:46.778 [warning] [Git][getBranch] No such branch: master
2026-03-18 22:15:46.785 [info] > git for-each-ref --sort -committerdate --format %(refname)%00%(objectname)%00%(*objectname) [0ms]
2026-03-18 22:15:46.797 [info] > git status -z -uall [16ms]
2026-03-18 22:15:51.842 [info] [Git][getRemotes] No remotes found in the git config file
2026-03-18 22:15:51.843 [info] > git config --get commit.template [5ms]
2026-03-18 22:15:51.843 [info] > git for-each-ref --format=%(refname)%00%(upstream:short)%00%(objectname)%00%(upstream:track)%00%(upstream:remotename)%00%(upstream:remoteref) refs/heads/master refs/remotes/master [1ms]
2026-03-18 22:15:51.843 [warning] [Git][getBranch] No such branch: master
2026-03-18 22:15:51.851 [info] > git for-each-ref --sort -committerdate --format %(refname)%00%(objectname)%00%(*objectname) [1ms]
2026-03-18 22:15:51.863 [info] > git status -z -uall [16ms]
2026-03-18 22:15:56.909 [info] [Git][getRemotes] No remotes found in the git config file
2026-03-18 22:15:56.910 [info] > git config --get commit.template [5ms]
2026-03-18 22:15:56.910 [info] > git for-each-ref --format=%(refname)%00%(upstream:short)%00%(objectname)%00%(upstream:track)%00%(upstream:remotename)%00%(upstream:remoteref) refs/heads/master refs/remotes/master [1ms]
2026-03-18 22:15:56.910 [warning] [Git][getBranch] No such branch: master
2026-03-18 22:15:56.918 [info] > git for-each-ref --sort -committerdate --format %(refname)%00%(objectname)%00%(*objectname) [1ms]
2026-03-18 22:15:56.930 [info] > git status -z -uall [17ms]
2026-03-18 22:16:01.973 [info] [Git][getRemotes] No remotes found in the git config file
2026-03-18 22:16:01.973 [info] > git config --get commit.template [4ms]
2026-03-18 22:16:01.973 [info] > git for-each-ref --format=%(refname)%00%(upstream:short)%00%(objectname)%00%(upstream:track)%00%(upstream:remotename)%00%(upstream:remoteref) refs/heads/master refs/remotes/master [1ms]
2026-03-18 22:16:01.973 [warning] [Git][getBranch] No such branch: master
2026-03-18 22:16:01.981 [info] > git for-each-ref --sort -committerdate --format %(refname)%00%(objectname)%00%(*objectname) [1ms]
2026-03-18 22:16:01.992 [info] > git status -z -uall [15ms]
2026-03-18 22:16:07.033 [info] [Git][getRemotes] No remotes found in the git config file
2026-03-18 22:16:07.034 [info] > git config --get commit.template [4ms]
2026-03-18 22:16:07.034 [info] > git for-each-ref --format=%(refname)%00%(upstream:short)%00%(objectname)%00%(upstream:track)%00%(upstream:remotename)%00%(upstream:remoteref) refs/heads/master refs/remotes/master [1ms]
2026-03-18 22:16:07.034 [warning] [Git][getBranch] No such branch: master
2026-03-18 22:16:07.042 [info] > git for-each-ref --sort -committerdate --format %(refname)%00%(objectname)%00%(*objectname) [1ms]
2026-03-18 22:16:07.054 [info] > git status -z -uall [17ms]
2026-03-18 22:16:12.091 [info] [Git][getRemotes] No remotes found in the git config file
2026-03-18 22:16:12.096 [info] > git config --get commit.template [5ms]
2026-03-18 22:16:12.096 [info] > git for-each-ref --format=%(refname)%00%(upstream:short)%00%(objectname)%00%(upstream:track)%00%(upstream:remotename)%00%(upstream:remoteref) refs/heads/master refs/remotes/master [1ms]
2026-03-18 22:16:12.096 [warning] [Git][getBranch] No such branch: master
2026-03-18 22:16:12.104 [info] > git for-each-ref --sort -committerdate --format %(refname)%00%(objectname)%00%(*objectname) [1ms]
2026-03-18 22:16:12.115 [info] > git status -z -uall [15ms]
2026-03-18 22:16:17.156 [info] [Git][getRemotes] No remotes found in the git config file
2026-03-18 22:16:17.156 [info] > git config --get commit.template [3ms]
2026-03-18 22:16:17.157 [info] > git for-each-ref --format=%(refname)%00%(upstream:short)%00%(objectname)%00%(upstream:track)%00%(upstream:remotename)%00%(upstream:remoteref) refs/heads/master refs/remotes/master [1ms]
2026-03-18 22:16:17.157 [warning] [Git][getBranch] No such branch: master
2026-03-18 22:16:17.165 [info] > git for-each-ref --sort -committerdate --format %(refname)%00%(objectname)%00%(*objectname) [1ms]
2026-03-18 22:16:17.176 [info] > git status -z -uall [16ms]
