2026-03-18 21:25:11.342 [info] [main] Log level: Info
2026-03-18 21:25:11.342 [info] [main] Validating found git in: "git"
2026-03-18 21:25:11.342 [info] [main] Using git "2.53.0" from "git"
2026-03-18 21:25:11.342 [info] [Model][doInitialScan] Initial repository scan started
2026-03-18 21:25:11.342 [info] > git rev-parse --show-toplevel [8ms]
2026-03-18 21:25:11.342 [info] fatal: not a git repository (or any of the parent directories): .git
2026-03-18 21:25:11.342 [info] > git rev-parse --show-toplevel [3ms]
2026-03-18 21:25:11.342 [info] fatal: not a git repository (or any of the parent directories): .git
2026-03-18 21:25:11.342 [info] > git rev-parse --show-toplevel [1ms]
2026-03-18 21:25:11.342 [info] fatal: not a git repository (or any of the parent directories): .git
2026-03-18 21:25:11.342 [info] > git rev-parse --show-toplevel [1ms]
2026-03-18 21:25:11.342 [info] fatal: not a git repository (or any of the parent directories): .git
2026-03-18 21:25:11.342 [info] > git rev-parse --show-toplevel [1ms]
2026-03-18 21:25:11.342 [info] fatal: not a git repository (or any of the parent directories): .git
2026-03-18 21:25:11.342 [info] > git rev-parse --show-toplevel [3ms]
2026-03-18 21:25:11.342 [info] fatal: not a git repository (or any of the parent directories): .git
2026-03-18 21:25:11.342 [info] > git rev-parse --show-toplevel [1ms]
2026-03-18 21:25:11.342 [info] fatal: not a git repository (or any of the parent directories): .git
2026-03-18 21:25:11.342 [info] > git rev-parse --show-toplevel [1ms]
2026-03-18 21:25:11.342 [info] fatal: not a git repository (or any of the parent directories): .git
2026-03-18 21:25:11.343 [info] > git rev-parse --show-toplevel [1ms]
2026-03-18 21:25:11.343 [info] fatal: not a git repository (or any of the parent directories): .git
2026-03-18 21:25:11.366 [info] > git rev-parse --show-toplevel [20ms]
2026-03-18 21:25:11.366 [info] fatal: not a git repository (or any of the parent directories): .git
2026-03-18 21:25:11.372 [info] > git rev-parse --show-toplevel [1ms]
2026-03-18 21:25:11.372 [info] fatal: not a git repository (or any of the parent directories): .git
2026-03-18 21:25:11.377 [info] > git rev-parse --show-toplevel [0ms]
2026-03-18 21:25:11.377 [info] fatal: not a git repository (or any of the parent directories): .git
2026-03-18 21:25:11.381 [info] > git rev-parse --show-toplevel [2ms]
2026-03-18 21:25:11.381 [info] fatal: not a git repository (or any of the parent directories): .git
2026-03-18 21:25:11.385 [info] > git rev-parse --show-toplevel [1ms]
2026-03-18 21:25:11.385 [info] fatal: not a git repository (or any of the parent directories): .git
2026-03-18 21:25:11.388 [info] > git rev-parse --show-toplevel [0ms]
2026-03-18 21:25:11.388 [info] fatal: not a git repository (or any of the parent directories): .git
2026-03-18 21:25:11.392 [info] > git rev-parse --show-toplevel [1ms]
2026-03-18 21:25:11.392 [info] fatal: not a git repository (or any of the parent directories): .git
2026-03-18 21:25:11.396 [info] > git rev-parse --show-toplevel [1ms]
2026-03-18 21:25:11.396 [info] fatal: not a git repository (or any of the parent directories): .git
2026-03-18 21:25:11.473 [info] > git rev-parse --show-toplevel [74ms]
2026-03-18 21:25:11.473 [info] fatal: not a git repository (or any of the parent directories): .git
2026-03-18 21:25:11.499 [info] > git rev-parse --show-toplevel [2ms]
2026-03-18 21:25:11.499 [info] fatal: not a git repository (or any of the parent directories): .git
2026-03-18 21:25:11.508 [info] > git rev-parse --show-toplevel [3ms]
2026-03-18 21:25:11.508 [info] fatal: not a git repository (or any of the parent directories): .git
2026-03-18 21:25:11.519 [info] > git rev-parse --show-toplevel [5ms]
2026-03-18 21:25:11.519 [info] fatal: not a git repository (or any of the parent directories): .git
2026-03-18 21:25:11.526 [info] > git rev-parse --show-toplevel [2ms]
2026-03-18 21:25:11.526 [info] fatal: not a git repository (or any of the parent directories): .git
2026-03-18 21:25:11.533 [info] > git rev-parse --show-toplevel [3ms]
2026-03-18 21:25:11.533 [info] fatal: not a git repository (or any of the parent directories): .git
2026-03-18 21:25:11.539 [info] > git rev-parse --show-toplevel [2ms]
2026-03-18 21:25:11.539 [info] fatal: not a git repository (or any of the parent directories): .git
2026-03-18 21:25:11.544 [info] > git rev-parse --show-toplevel [1ms]
2026-03-18 21:25:11.545 [info] fatal: not a git repository (or any of the parent directories): .git
2026-03-18 21:25:11.550 [info] > git rev-parse --show-toplevel [2ms]
2026-03-18 21:25:11.550 [info] fatal: not a git repository (or any of the parent directories): .git
2026-03-18 21:25:11.555 [info] > git rev-parse --show-toplevel [1ms]
2026-03-18 21:25:11.555 [info] fatal: not a git repository (or any of the parent directories): .git
2026-03-18 21:25:11.560 [info] > git rev-parse --show-toplevel [1ms]
2026-03-18 21:25:11.560 [info] fatal: not a git repository (or any of the parent directories): .git
2026-03-18 21:25:11.578 [info] > git rev-parse --show-toplevel [15ms]
2026-03-18 21:25:11.578 [info] fatal: not a git repository (or any of the parent directories): .git
2026-03-18 21:25:11.591 [info] > git rev-parse --show-toplevel [1ms]
2026-03-18 21:25:11.591 [info] fatal: not a git repository (or any of the parent directories): .git
2026-03-18 21:25:11.594 [info] [Model][doInitialScan] Initial repository scan completed - repositories (0), closed repositories (0), parent repositories (0), unsafe repositories (0)
2026-03-18 21:25:11.605 [info] > git rev-parse --show-toplevel [6ms]
2026-03-18 21:25:11.605 [info] fatal: not a git repository (or any of the parent directories): .git
2026-03-18 21:25:11.673 [info] > git rev-parse --show-toplevel [1ms]
2026-03-18 21:25:11.673 [info] fatal: not a git repository (or any of the parent directories): .git
2026-03-18 21:25:11.719 [info] > git rev-parse --show-toplevel [1ms]
2026-03-18 21:25:11.719 [info] fatal: not a git repository (or any of the parent directories): .git
2026-03-18 21:25:12.942 [info] > git rev-parse --show-toplevel [1ms]
2026-03-18 21:25:12.942 [info] fatal: not a git repository (or any of the parent directories): .git
2026-03-18 21:25:16.834 [info] > git rev-parse --show-toplevel [1ms]
2026-03-18 21:25:16.834 [info] fatal: not a git repository (or any of the parent directories): .git
2026-03-18 21:31:52.591 [info] > git rev-parse --show-toplevel [1ms]
2026-03-18 21:31:52.591 [info] fatal: not a git repository (or any of the parent directories): .git
2026-03-18 21:31:58.857 [info] > git rev-parse --show-toplevel [0ms]
2026-03-18 21:31:58.857 [info] fatal: not a git repository (or any of the parent directories): .git
2026-03-18 21:31:59.487 [info] > git rev-parse --show-toplevel [1ms]
2026-03-18 21:31:59.487 [info] fatal: not a git repository (or any of the parent directories): .git
