2026-03-18 21:18:12.077 [error] [/home/Evethey/.vscode/extensions/ms-python.vscode-python-envs-1.22.0-linux-x64]: Extension is not compatible with Code 1.109.2. Extension requires: ^1.110.0-20260204.
2026-03-18 21:18:12.103 [error] [/home/Evethey/.vscode/extensions/ms-python.vscode-python-envs-1.22.0-linux-x64]: Extension is not compatible with Code 1.109.2. Extension requires: ^1.110.0-20260204.
2026-03-18 21:18:12.106 [error] [/home/Evethey/.vscode/extensions/ms-python.vscode-python-envs-1.22.0-linux-x64]: Extension is not compatible with Code 1.109.2. Extension requires: ^1.110.0-20260204.
2026-03-18 21:18:12.192 [error] [/home/Evethey/.vscode/extensions/ms-python.vscode-python-envs-1.22.0-linux-x64]: Extension is not compatible with Code 1.109.2. Extension requires: ^1.110.0-20260204.
2026-03-18 21:18:12.255 [error] [/home/Evethey/.vscode/extensions/ms-python.vscode-python-envs-1.22.0-linux-x64]: Extension is not compatible with Code 1.109.2. Extension requires: ^1.110.0-20260204.
2026-03-18 21:18:12.323 [error] [/home/Evethey/.vscode/extensions/ms-python.vscode-python-envs-1.22.0-linux-x64]: Extension is not compatible with Code 1.109.2. Extension requires: ^1.110.0-20260204.
2026-03-18 21:18:12.371 [error] [/home/Evethey/.vscode/extensions/ms-python.vscode-python-envs-1.22.0-linux-x64]: Extension is not compatible with Code 1.109.2. Extension requires: ^1.110.0-20260204.
2026-03-18 21:18:12.413 [error] [/home/Evethey/.vscode/extensions/ms-python.vscode-python-envs-1.22.0-linux-x64]: Extension is not compatible with Code 1.109.2. Extension requires: ^1.110.0-20260204.
2026-03-18 21:18:12.450 [error] [/home/Evethey/.vscode/extensions/ms-python.vscode-python-envs-1.22.0-linux-x64]: Extension is not compatible with Code 1.109.2. Extension requires: ^1.110.0-20260204.
2026-03-18 21:18:12.496 [error] [/home/Evethey/.vscode/extensions/ms-python.vscode-python-envs-1.22.0-linux-x64]: Extension is not compatible with Code 1.109.2. Extension requires: ^1.110.0-20260204.
2026-03-18 21:18:12.554 [error] [/home/Evethey/.vscode/extensions/ms-python.vscode-python-envs-1.22.0-linux-x64]: Extension is not compatible with Code 1.109.2. Extension requires: ^1.110.0-20260204.
2026-03-18 21:18:12.633 [error] [/home/Evethey/.vscode/extensions/ms-python.vscode-python-envs-1.22.0-linux-x64]: Extension is not compatible with Code 1.109.2. Extension requires: ^1.110.0-20260204.
2026-03-18 21:18:12.665 [error] [/home/Evethey/.vscode/extensions/ms-python.vscode-python-envs-1.22.0-linux-x64]: Extension is not compatible with Code 1.109.2. Extension requires: ^1.110.0-20260204.
2026-03-18 21:18:12.806 [error] [/home/Evethey/.vscode/extensions/ms-python.vscode-python-envs-1.22.0-linux-x64]: Extension is not compatible with Code 1.109.2. Extension requires: ^1.110.0-20260204.
2026-03-18 21:18:13.045 [error] [/home/Evethey/.vscode/extensions/ms-python.vscode-python-envs-1.22.0-linux-x64]: Extension is not compatible with Code 1.109.2. Extension requires: ^1.110.0-20260204.
2026-03-18 21:18:14.227 [error] [/home/Evethey/.vscode/extensions/ms-python.vscode-python-envs-1.22.0-linux-x64]: Extension is not compatible with Code 1.109.2. Extension requires: ^1.110.0-20260204.
2026-03-18 21:18:14.324 [error] [/home/Evethey/.vscode/extensions/ms-python.vscode-python-envs-1.22.0-linux-x64]: Extension is not compatible with Code 1.109.2. Extension requires: ^1.110.0-20260204.
2026-03-18 21:18:14.971 [error] [/home/Evethey/.vscode/extensions/ms-python.vscode-python-envs-1.22.0-linux-x64]: Extension is not compatible with Code 1.109.2. Extension requires: ^1.110.0-20260204.
2026-03-18 21:18:16.353 [info] Getting Manifest... ms-vscode.cpp-devtools
2026-03-18 21:18:16.520 [info] Installing extension: ms-vscode.cpp-devtools {"productVersion":{"version":"1.109.2","date":"2026-02-10T20:18:23.520Z"},"pinned":false,"operation":3,"isApplicationScoped":false,"profileLocation":{"$mid":1,"external":"vscode-userdata:/home/Evethey/.vscode/extensions/extensions.json","path":"/home/Evethey/.vscode/extensions/extensions.json","scheme":"vscode-userdata"}}
2026-03-18 21:18:16.530 [error] [/home/Evethey/.vscode/extensions/ms-python.vscode-python-envs-1.22.0-linux-x64]: Extension is not compatible with Code 1.109.2. Extension requires: ^1.110.0-20260204.
2026-03-18 21:18:16.542 [error] [/home/Evethey/.vscode/extensions/ms-python.vscode-python-envs-1.22.0-linux-x64]: Extension is not compatible with Code 1.109.2. Extension requires: ^1.110.0-20260204.
2026-03-18 21:18:17.888 [info] Extension signature verification result for ms-vscode.cpp-devtools: Success. Internal Code: 0. Executed: true. Duration: 626ms.
2026-03-18 21:18:17.992 [info] Extracted extension to file:///home/Evethey/.vscode/extensions/ms-vscode.cpp-devtools-0.4.6: ms-vscode.cpp-devtools
2026-03-18 21:18:18.001 [info] Renamed to /home/Evethey/.vscode/extensions/ms-vscode.cpp-devtools-0.4.6
2026-03-18 21:18:18.009 [info] Marked extension as removed ms-vscode.cpp-devtools-0.3.6
2026-03-18 21:18:18.013 [error] [/home/Evethey/.vscode/extensions/ms-python.vscode-python-envs-1.22.0-linux-x64]: Extension is not compatible with Code 1.109.2. Extension requires: ^1.110.0-20260204.
2026-03-18 21:18:18.016 [info] Extension installed successfully: ms-vscode.cpp-devtools vscode-userdata:/home/Evethey/.vscode/extensions/extensions.json
2026-03-18 21:18:18.050 [error] [/home/Evethey/.vscode/extensions/ms-python.vscode-python-envs-1.22.0-linux-x64]: Extension is not compatible with Code 1.109.2. Extension requires: ^1.110.0-20260204.
2026-03-18 21:18:41.885 [info] Getting Manifest... ms-python.vscode-python-envs
2026-03-18 21:18:42.186 [info] Installing extension: ms-python.vscode-python-envs {"productVersion":{"version":"1.111.0","date":"2026-03-07T01:20:48.148Z"},"pinned":false,"operation":3,"isApplicationScoped":false,"profileLocation":{"$mid":1,"external":"vscode-userdata:/home/Evethey/.vscode/extensions/extensions.json","path":"/home/Evethey/.vscode/extensions/extensions.json","scheme":"vscode-userdata"}}
2026-03-18 21:18:42.254 [error] [/home/Evethey/.vscode/extensions/ms-python.vscode-python-envs-1.22.0-linux-x64]: Extension is not compatible with Code 1.109.2. Extension requires: ^1.110.0-20260204.
2026-03-18 21:18:42.256 [error] Error while installing the extension ms-python.vscode-python-envs Cannot read the extension from /home/Evethey/.vscode/extensions/ms-python.vscode-python-envs-1.22.0-linux-x64 vscode-userdata:/home/Evethey/.vscode/extensions/extensions.json
2026-03-18 21:18:42.275 [error] [/home/Evethey/.vscode/extensions/ms-python.vscode-python-envs-1.22.0-linux-x64]: Extension is not compatible with Code 1.109.2. Extension requires: ^1.110.0-20260204.
