2026-03-18 22:16:21.761 [info] [main] Log level: Info
2026-03-18 22:16:21.761 [info] [main] Validating found git in: "git"
2026-03-18 22:16:21.761 [info] [main] Using git "2.53.0" from "git"
2026-03-18 22:16:21.761 [info] [Model][doInitialScan] Initial repository scan started
2026-03-18 22:16:21.761 [info] > git rev-parse --show-toplevel [14ms]
2026-03-18 22:16:21.761 [info] > git rev-parse --git-dir --git-common-dir --show-superproject-working-tree [2ms]
2026-03-18 22:16:21.812 [info] [Model][openRepository] Opened repository (path): /home/Evethey/.config
2026-03-18 22:16:21.812 [info] [Model][openRepository] Opened repository (real path): /home/Evethey/.config
2026-03-18 22:16:21.812 [info] [Model][openRepository] Opened repository (kind): repository
2026-03-18 22:16:21.904 [info] > git rev-parse --show-toplevel [84ms]
2026-03-18 22:16:21.905 [info] > git config --get commit.template [87ms]
2026-03-18 22:16:21.940 [info] [Git][getRemotes] No remotes found in the git config file
2026-03-18 22:16:21.941 [info] > git rev-parse --show-toplevel [5ms]
2026-03-18 22:16:21.946 [info] > git for-each-ref --format=%(refname)%00%(upstream:short)%00%(objectname)%00%(upstream:track)%00%(upstream:remotename)%00%(upstream:remoteref) refs/heads/master refs/remotes/master [6ms]
2026-03-18 22:16:21.946 [warning] [Git][getBranch] No such branch: master
2026-03-18 22:16:21.954 [info] > git rev-parse --show-toplevel [9ms]
2026-03-18 22:16:21.958 [info] > git for-each-ref --sort -committerdate --format %(refname)%00%(objectname)%00%(*objectname) [5ms]
2026-03-18 22:16:21.960 [info] > git rev-parse --show-toplevel [2ms]
2026-03-18 22:16:21.964 [info] > git rev-parse --show-toplevel [1ms]
2026-03-18 22:16:21.969 [info] > git rev-parse --show-toplevel [2ms]
2026-03-18 22:16:21.975 [info] > git status -z -uall [26ms]
2026-03-18 22:16:21.975 [info] > git rev-parse --show-toplevel [2ms]
2026-03-18 22:16:22.077 [info] > git for-each-ref --format=%(refname)%00%(upstream:short)%00%(objectname)%00%(upstream:track)%00%(upstream:remotename)%00%(upstream:remoteref) refs/heads/master refs/remotes/master [9ms]
2026-03-18 22:16:22.077 [warning] [Git][getBranch] No such branch: master
2026-03-18 22:16:22.078 [error] [GitHistoryProvider][resolveHEADMergeBase] Failed to resolve merge base for master: Error: No such branch: master.
2026-03-18 22:16:22.079 [info] > git rev-parse --show-toplevel [100ms]
2026-03-18 22:16:22.139 [info] > git config --get commit.template [63ms]
2026-03-18 22:16:22.596 [info] > git rev-parse --show-toplevel [468ms]
2026-03-18 22:16:22.616 [info] [Git][getRemotes] No remotes found in the git config file
2026-03-18 22:16:22.623 [info] > git check-ignore -v -z --stdin [23ms]
2026-03-18 22:16:22.624 [info] > git rev-parse --show-toplevel [4ms]
2026-03-18 22:16:22.624 [info] > git for-each-ref --format=%(refname)%00%(upstream:short)%00%(objectname)%00%(upstream:track)%00%(upstream:remotename)%00%(upstream:remoteref) refs/heads/master refs/remotes/master [8ms]
2026-03-18 22:16:22.624 [warning] [Git][getBranch] No such branch: master
2026-03-18 22:16:22.642 [info] > git for-each-ref --sort -committerdate --format %(refname)%00%(objectname)%00%(*objectname) [10ms]
2026-03-18 22:16:22.645 [info] > git rev-parse --show-toplevel [8ms]
2026-03-18 22:16:22.650 [info] > git rev-parse --show-toplevel [2ms]
2026-03-18 22:16:22.655 [info] > git status -z -uall [27ms]
2026-03-18 22:16:22.655 [info] > git rev-parse --show-toplevel [1ms]
2026-03-18 22:16:22.728 [info] > git rev-parse --show-toplevel [11ms]
2026-03-18 22:16:22.744 [info] > git rev-parse --show-toplevel [11ms]
2026-03-18 22:16:22.857 [info] > git rev-parse --show-toplevel [99ms]
2026-03-18 22:16:23.342 [info] > git rev-parse --show-toplevel [13ms]
2026-03-18 22:16:23.377 [info] > git rev-parse --show-toplevel [30ms]
2026-03-18 22:16:23.395 [info] > git rev-parse --show-toplevel [14ms]
2026-03-18 22:16:23.499 [info] > git rev-parse --show-toplevel [96ms]
2026-03-18 22:16:23.507 [info] > git rev-parse --show-toplevel [1ms]
2026-03-18 22:16:23.520 [info] > git rev-parse --show-toplevel [8ms]
2026-03-18 22:16:23.527 [info] > git rev-parse --show-toplevel [2ms]
2026-03-18 22:16:23.533 [info] > git rev-parse --show-toplevel [1ms]
2026-03-18 22:16:23.538 [info] > git rev-parse --show-toplevel [1ms]
2026-03-18 22:16:23.542 [info] > git rev-parse --show-toplevel [1ms]
2026-03-18 22:16:23.547 [info] > git rev-parse --show-toplevel [1ms]
2026-03-18 22:16:23.551 [info] > git rev-parse --show-toplevel [1ms]
2026-03-18 22:16:23.555 [info] > git rev-parse --show-toplevel [1ms]
2026-03-18 22:16:23.559 [info] > git rev-parse --show-toplevel [0ms]
2026-03-18 22:16:23.562 [info] [Model][doInitialScan] Initial repository scan completed - repositories (1), closed repositories (0), parent repositories (0), unsafe repositories (0)
2026-03-18 22:16:26.116 [info] [Git][getRemotes] No remotes found in the git config file
2026-03-18 22:16:26.117 [info] > git config --get commit.template [5ms]
2026-03-18 22:16:26.117 [info] > git for-each-ref --format=%(refname)%00%(upstream:short)%00%(objectname)%00%(upstream:track)%00%(upstream:remotename)%00%(upstream:remoteref) refs/heads/master refs/remotes/master [1ms]
2026-03-18 22:16:26.117 [warning] [Git][getBranch] No such branch: master
2026-03-18 22:16:26.125 [info] > git for-each-ref --sort -committerdate --format %(refname)%00%(objectname)%00%(*objectname) [1ms]
2026-03-18 22:16:26.137 [info] > git status -z -uall [16ms]
2026-03-18 22:16:31.188 [info] [Git][getRemotes] No remotes found in the git config file
2026-03-18 22:16:31.188 [info] > git config --get commit.template [4ms]
2026-03-18 22:16:31.189 [info] > git for-each-ref --format=%(refname)%00%(upstream:short)%00%(objectname)%00%(upstream:track)%00%(upstream:remotename)%00%(upstream:remoteref) refs/heads/master refs/remotes/master [1ms]
2026-03-18 22:16:31.189 [warning] [Git][getBranch] No such branch: master
2026-03-18 22:16:31.198 [info] > git for-each-ref --sort -committerdate --format %(refname)%00%(objectname)%00%(*objectname) [1ms]
2026-03-18 22:16:31.208 [info] > git status -z -uall [15ms]
2026-03-18 22:16:47.578 [info] > git check-ignore -v -z --stdin [1ms]
2026-03-18 22:17:03.657 [info] [Git][getRemotes] No remotes found in the git config file
2026-03-18 22:17:03.658 [info] > git config --get commit.template [5ms]
2026-03-18 22:17:03.658 [info] > git for-each-ref --format=%(refname)%00%(upstream:short)%00%(objectname)%00%(upstream:track)%00%(upstream:remotename)%00%(upstream:remoteref) refs/heads/master refs/remotes/master [1ms]
2026-03-18 22:17:03.658 [warning] [Git][getBranch] No such branch: master
2026-03-18 22:17:03.671 [info] > git for-each-ref --sort -committerdate --format %(refname)%00%(objectname)%00%(*objectname) [1ms]
2026-03-18 22:17:03.682 [info] > git status -z -uall [18ms]
2026-03-18 22:17:14.938 [info] [Git][getRemotes] No remotes found in the git config file
2026-03-18 22:17:14.939 [info] > git config --get commit.template [7ms]
2026-03-18 22:17:14.939 [info] > git for-each-ref --format=%(refname)%00%(upstream:short)%00%(objectname)%00%(upstream:track)%00%(upstream:remotename)%00%(upstream:remoteref) refs/heads/master refs/remotes/master [1ms]
2026-03-18 22:17:14.939 [warning] [Git][getBranch] No such branch: master
2026-03-18 22:17:14.951 [info] > git for-each-ref --sort -committerdate --format %(refname)%00%(objectname)%00%(*objectname) [1ms]
2026-03-18 22:17:14.962 [info] > git status -z -uall [16ms]
2026-03-18 22:17:20.013 [info] > git config --get commit.template [1ms]
2026-03-18 22:17:20.018 [info] [Git][getRemotes] No remotes found in the git config file
2026-03-18 22:17:20.019 [info] > git for-each-ref --format=%(refname)%00%(upstream:short)%00%(objectname)%00%(upstream:track)%00%(upstream:remotename)%00%(upstream:remoteref) refs/heads/master refs/remotes/master [1ms]
2026-03-18 22:17:20.019 [warning] [Git][getBranch] No such branch: master
2026-03-18 22:17:20.027 [info] > git for-each-ref --sort -committerdate --format %(refname)%00%(objectname)%00%(*objectname) [1ms]
2026-03-18 22:17:20.038 [info] > git status -z -uall [15ms]
2026-03-18 22:17:25.079 [info] > git config --get commit.template [1ms]
2026-03-18 22:17:25.080 [info] [Git][getRemotes] No remotes found in the git config file
2026-03-18 22:17:25.086 [info] > git for-each-ref --format=%(refname)%00%(upstream:short)%00%(objectname)%00%(upstream:track)%00%(upstream:remotename)%00%(upstream:remoteref) refs/heads/master refs/remotes/master [1ms]
2026-03-18 22:17:25.086 [warning] [Git][getBranch] No such branch: master
2026-03-18 22:17:25.093 [info] > git for-each-ref --sort -committerdate --format %(refname)%00%(objectname)%00%(*objectname) [1ms]
2026-03-18 22:17:25.105 [info] > git status -z -uall [15ms]
2026-03-18 22:17:30.149 [info] [Git][getRemotes] No remotes found in the git config file
2026-03-18 22:17:30.150 [info] > git config --get commit.template [5ms]
2026-03-18 22:17:30.150 [info] > git for-each-ref --format=%(refname)%00%(upstream:short)%00%(objectname)%00%(upstream:track)%00%(upstream:remotename)%00%(upstream:remoteref) refs/heads/master refs/remotes/master [1ms]
2026-03-18 22:17:30.150 [warning] [Git][getBranch] No such branch: master
2026-03-18 22:17:30.159 [info] > git for-each-ref --sort -committerdate --format %(refname)%00%(objectname)%00%(*objectname) [1ms]
2026-03-18 22:17:30.170 [info] > git status -z -uall [15ms]
2026-03-18 22:17:35.213 [info] [Git][getRemotes] No remotes found in the git config file
2026-03-18 22:17:35.213 [info] > git config --get commit.template [5ms]
2026-03-18 22:17:35.214 [info] > git for-each-ref --format=%(refname)%00%(upstream:short)%00%(objectname)%00%(upstream:track)%00%(upstream:remotename)%00%(upstream:remoteref) refs/heads/master refs/remotes/master [1ms]
2026-03-18 22:17:35.214 [warning] [Git][getBranch] No such branch: master
2026-03-18 22:17:35.222 [info] > git for-each-ref --sort -committerdate --format %(refname)%00%(objectname)%00%(*objectname) [1ms]
2026-03-18 22:17:35.233 [info] > git status -z -uall [16ms]
2026-03-18 22:18:00.066 [info] [Git][getRemotes] No remotes found in the git config file
2026-03-18 22:18:00.067 [info] > git config --get commit.template [9ms]
2026-03-18 22:18:00.067 [info] > git for-each-ref --format=%(refname)%00%(upstream:short)%00%(objectname)%00%(upstream:track)%00%(upstream:remotename)%00%(upstream:remoteref) refs/heads/master refs/remotes/master [1ms]
2026-03-18 22:18:00.067 [warning] [Git][getBranch] No such branch: master
2026-03-18 22:18:00.075 [info] > git for-each-ref --sort -committerdate --format %(refname)%00%(objectname)%00%(*objectname) [1ms]
2026-03-18 22:18:00.087 [info] > git status -z -uall [16ms]
2026-03-18 22:18:05.130 [info] [Git][getRemotes] No remotes found in the git config file
2026-03-18 22:18:05.131 [info] > git config --get commit.template [5ms]
2026-03-18 22:18:05.131 [info] > git for-each-ref --format=%(refname)%00%(upstream:short)%00%(objectname)%00%(upstream:track)%00%(upstream:remotename)%00%(upstream:remoteref) refs/heads/master refs/remotes/master [1ms]
2026-03-18 22:18:05.131 [warning] [Git][getBranch] No such branch: master
2026-03-18 22:18:05.139 [info] > git for-each-ref --sort -committerdate --format %(refname)%00%(objectname)%00%(*objectname) [0ms]
2026-03-18 22:18:05.150 [info] > git status -z -uall [15ms]
2026-03-18 22:18:10.193 [info] [Git][getRemotes] No remotes found in the git config file
2026-03-18 22:18:10.193 [info] > git config --get commit.template [4ms]
2026-03-18 22:18:10.194 [info] > git for-each-ref --format=%(refname)%00%(upstream:short)%00%(objectname)%00%(upstream:track)%00%(upstream:remotename)%00%(upstream:remoteref) refs/heads/master refs/remotes/master [1ms]
2026-03-18 22:18:10.194 [warning] [Git][getBranch] No such branch: master
2026-03-18 22:18:10.202 [info] > git for-each-ref --sort -committerdate --format %(refname)%00%(objectname)%00%(*objectname) [0ms]
2026-03-18 22:18:10.213 [info] > git status -z -uall [15ms]
2026-03-18 22:18:15.252 [info] [Git][getRemotes] No remotes found in the git config file
2026-03-18 22:18:15.257 [info] > git config --get commit.template [4ms]
2026-03-18 22:18:15.257 [info] > git for-each-ref --format=%(refname)%00%(upstream:short)%00%(objectname)%00%(upstream:track)%00%(upstream:remotename)%00%(upstream:remoteref) refs/heads/master refs/remotes/master [1ms]
2026-03-18 22:18:15.257 [warning] [Git][getBranch] No such branch: master
2026-03-18 22:18:15.265 [info] > git for-each-ref --sort -committerdate --format %(refname)%00%(objectname)%00%(*objectname) [1ms]
2026-03-18 22:18:15.276 [info] > git status -z -uall [15ms]
2026-03-18 22:18:20.316 [info] [Git][getRemotes] No remotes found in the git config file
2026-03-18 22:18:20.320 [info] > git config --get commit.template [5ms]
2026-03-18 22:18:20.320 [info] > git for-each-ref --format=%(refname)%00%(upstream:short)%00%(objectname)%00%(upstream:track)%00%(upstream:remotename)%00%(upstream:remoteref) refs/heads/master refs/remotes/master [0ms]
2026-03-18 22:18:20.320 [warning] [Git][getBranch] No such branch: master
2026-03-18 22:18:20.329 [info] > git for-each-ref --sort -committerdate --format %(refname)%00%(objectname)%00%(*objectname) [0ms]
2026-03-18 22:18:20.340 [info] > git status -z -uall [16ms]
2026-03-18 22:18:25.384 [info] [Git][getRemotes] No remotes found in the git config file
2026-03-18 22:18:25.385 [info] > git config --get commit.template [5ms]
2026-03-18 22:18:25.385 [info] > git for-each-ref --format=%(refname)%00%(upstream:short)%00%(objectname)%00%(upstream:track)%00%(upstream:remotename)%00%(upstream:remoteref) refs/heads/master refs/remotes/master [1ms]
2026-03-18 22:18:25.385 [warning] [Git][getBranch] No such branch: master
2026-03-18 22:18:25.393 [info] > git for-each-ref --sort -committerdate --format %(refname)%00%(objectname)%00%(*objectname) [1ms]
2026-03-18 22:18:25.404 [info] > git status -z -uall [16ms]
2026-03-18 22:18:37.507 [info] [Git][getRemotes] No remotes found in the git config file
2026-03-18 22:18:37.508 [info] > git config --get commit.template [5ms]
2026-03-18 22:18:37.514 [info] > git for-each-ref --format=%(refname)%00%(upstream:short)%00%(objectname)%00%(upstream:track)%00%(upstream:remotename)%00%(upstream:remoteref) refs/heads/master refs/remotes/master [7ms]
2026-03-18 22:18:37.514 [warning] [Git][getBranch] No such branch: master
2026-03-18 22:18:37.524 [info] > git for-each-ref --sort -committerdate --format %(refname)%00%(objectname)%00%(*objectname) [1ms]
2026-03-18 22:18:37.535 [info] > git status -z -uall [16ms]
2026-03-18 22:18:42.581 [info] [Git][getRemotes] No remotes found in the git config file
2026-03-18 22:18:42.581 [info] > git config --get commit.template [4ms]
2026-03-18 22:18:42.582 [info] > git for-each-ref --format=%(refname)%00%(upstream:short)%00%(objectname)%00%(upstream:track)%00%(upstream:remotename)%00%(upstream:remoteref) refs/heads/master refs/remotes/master [1ms]
2026-03-18 22:18:42.582 [warning] [Git][getBranch] No such branch: master
2026-03-18 22:18:42.589 [info] > git for-each-ref --sort -committerdate --format %(refname)%00%(objectname)%00%(*objectname) [1ms]
2026-03-18 22:18:42.603 [info] > git status -z -uall [18ms]
2026-03-18 22:18:47.655 [info] [Git][getRemotes] No remotes found in the git config file
2026-03-18 22:18:47.659 [info] > git config --get commit.template [5ms]
2026-03-18 22:18:47.659 [info] > git for-each-ref --format=%(refname)%00%(upstream:short)%00%(objectname)%00%(upstream:track)%00%(upstream:remotename)%00%(upstream:remoteref) refs/heads/master refs/remotes/master [1ms]
2026-03-18 22:18:47.659 [warning] [Git][getBranch] No such branch: master
2026-03-18 22:18:47.667 [info] > git for-each-ref --sort -committerdate --format %(refname)%00%(objectname)%00%(*objectname) [0ms]
2026-03-18 22:18:47.679 [info] > git status -z -uall [16ms]
2026-03-18 22:18:52.722 [info] [Git][getRemotes] No remotes found in the git config file
2026-03-18 22:18:52.722 [info] > git config --get commit.template [5ms]
2026-03-18 22:18:52.723 [info] > git for-each-ref --format=%(refname)%00%(upstream:short)%00%(objectname)%00%(upstream:track)%00%(upstream:remotename)%00%(upstream:remoteref) refs/heads/master refs/remotes/master [2ms]
2026-03-18 22:18:52.723 [warning] [Git][getBranch] No such branch: master
2026-03-18 22:18:52.732 [info] > git for-each-ref --sort -committerdate --format %(refname)%00%(objectname)%00%(*objectname) [1ms]
2026-03-18 22:18:52.743 [info] > git status -z -uall [16ms]
2026-03-18 22:18:59.214 [info] [Git][getRemotes] No remotes found in the git config file
2026-03-18 22:18:59.215 [info] > git config --get commit.template [7ms]
2026-03-18 22:18:59.215 [info] > git for-each-ref --format=%(refname)%00%(upstream:short)%00%(objectname)%00%(upstream:track)%00%(upstream:remotename)%00%(upstream:remoteref) refs/heads/master refs/remotes/master [1ms]
2026-03-18 22:18:59.215 [warning] [Git][getBranch] No such branch: master
2026-03-18 22:18:59.223 [info] > git for-each-ref --sort -committerdate --format %(refname)%00%(objectname)%00%(*objectname) [1ms]
2026-03-18 22:18:59.235 [info] > git status -z -uall [15ms]
2026-03-18 22:19:04.276 [info] [Git][getRemotes] No remotes found in the git config file
2026-03-18 22:19:04.276 [info] > git config --get commit.template [4ms]
2026-03-18 22:19:04.276 [info] > git for-each-ref --format=%(refname)%00%(upstream:short)%00%(objectname)%00%(upstream:track)%00%(upstream:remotename)%00%(upstream:remoteref) refs/heads/master refs/remotes/master [1ms]
2026-03-18 22:19:04.276 [warning] [Git][getBranch] No such branch: master
2026-03-18 22:19:04.286 [info] > git for-each-ref --sort -committerdate --format %(refname)%00%(objectname)%00%(*objectname) [1ms]
2026-03-18 22:19:04.298 [info] > git status -z -uall [17ms]
2026-03-18 22:19:22.419 [info] [Git][getRemotes] No remotes found in the git config file
2026-03-18 22:19:22.419 [info] > git config --get commit.template [5ms]
2026-03-18 22:19:22.419 [info] > git for-each-ref --format=%(refname)%00%(upstream:short)%00%(objectname)%00%(upstream:track)%00%(upstream:remotename)%00%(upstream:remoteref) refs/heads/master refs/remotes/master [0ms]
2026-03-18 22:19:22.419 [warning] [Git][getBranch] No such branch: master
2026-03-18 22:19:22.427 [info] > git for-each-ref --sort -committerdate --format %(refname)%00%(objectname)%00%(*objectname) [1ms]
2026-03-18 22:19:22.439 [info] > git status -z -uall [16ms]
2026-03-18 22:19:28.634 [info] [Git][getRemotes] No remotes found in the git config file
2026-03-18 22:19:28.635 [info] > git config --get commit.template [7ms]
2026-03-18 22:19:28.635 [info] > git for-each-ref --format=%(refname)%00%(upstream:short)%00%(objectname)%00%(upstream:track)%00%(upstream:remotename)%00%(upstream:remoteref) refs/heads/master refs/remotes/master [1ms]
2026-03-18 22:19:28.635 [warning] [Git][getBranch] No such branch: master
2026-03-18 22:19:28.643 [info] > git for-each-ref --sort -committerdate --format %(refname)%00%(objectname)%00%(*objectname) [1ms]
2026-03-18 22:19:28.654 [info] > git status -z -uall [16ms]
2026-03-18 22:19:33.703 [info] [Git][getRemotes] No remotes found in the git config file
2026-03-18 22:19:33.704 [info] > git config --get commit.template [5ms]
2026-03-18 22:19:33.704 [info] > git for-each-ref --format=%(refname)%00%(upstream:short)%00%(objectname)%00%(upstream:track)%00%(upstream:remotename)%00%(upstream:remoteref) refs/heads/master refs/remotes/master [1ms]
2026-03-18 22:19:33.704 [warning] [Git][getBranch] No such branch: master
2026-03-18 22:19:33.712 [info] > git for-each-ref --sort -committerdate --format %(refname)%00%(objectname)%00%(*objectname) [1ms]
2026-03-18 22:19:33.725 [info] > git status -z -uall [17ms]
2026-03-18 22:20:15.917 [info] [Git][getRemotes] No remotes found in the git config file
2026-03-18 22:20:15.917 [info] > git config --get commit.template [4ms]
2026-03-18 22:20:15.918 [info] > git for-each-ref --format=%(refname)%00%(upstream:short)%00%(objectname)%00%(upstream:track)%00%(upstream:remotename)%00%(upstream:remoteref) refs/heads/master refs/remotes/master [1ms]
2026-03-18 22:20:15.918 [warning] [Git][getBranch] No such branch: master
2026-03-18 22:20:15.929 [info] > git for-each-ref --sort -committerdate --format %(refname)%00%(objectname)%00%(*objectname) [1ms]
2026-03-18 22:20:15.939 [info] > git status -z -uall [17ms]
2026-03-18 22:20:20.982 [info] [Git][getRemotes] No remotes found in the git config file
2026-03-18 22:20:20.986 [info] > git config --get commit.template [5ms]
2026-03-18 22:20:20.986 [info] > git for-each-ref --format=%(refname)%00%(upstream:short)%00%(objectname)%00%(upstream:track)%00%(upstream:remotename)%00%(upstream:remoteref) refs/heads/master refs/remotes/master [0ms]
2026-03-18 22:20:20.986 [warning] [Git][getBranch] No such branch: master
2026-03-18 22:20:20.994 [info] > git for-each-ref --sort -committerdate --format %(refname)%00%(objectname)%00%(*objectname) [1ms]
2026-03-18 22:20:21.005 [info] > git status -z -uall [15ms]
2026-03-18 22:20:25.868 [info] > git check-ignore -v -z --stdin [1ms]
2026-03-18 22:20:26.043 [info] [Git][getRemotes] No remotes found in the git config file
2026-03-18 22:20:26.048 [info] > git config --get commit.template [5ms]
2026-03-18 22:20:26.048 [info] > git for-each-ref --format=%(refname)%00%(upstream:short)%00%(objectname)%00%(upstream:track)%00%(upstream:remotename)%00%(upstream:remoteref) refs/heads/master refs/remotes/master [1ms]
2026-03-18 22:20:26.048 [warning] [Git][getBranch] No such branch: master
2026-03-18 22:20:26.056 [info] > git for-each-ref --sort -committerdate --format %(refname)%00%(objectname)%00%(*objectname) [0ms]
2026-03-18 22:20:26.068 [info] > git status -z -uall [16ms]
2026-03-18 22:20:31.107 [info] [Git][getRemotes] No remotes found in the git config file
2026-03-18 22:20:31.110 [info] > git config --get commit.template [4ms]
2026-03-18 22:20:31.111 [info] > git for-each-ref --format=%(refname)%00%(upstream:short)%00%(objectname)%00%(upstream:track)%00%(upstream:remotename)%00%(upstream:remoteref) refs/heads/master refs/remotes/master [1ms]
2026-03-18 22:20:31.111 [warning] [Git][getBranch] No such branch: master
2026-03-18 22:20:31.118 [info] > git for-each-ref --sort -committerdate --format %(refname)%00%(objectname)%00%(*objectname) [1ms]
2026-03-18 22:20:31.130 [info] > git status -z -uall [16ms]
2026-03-18 22:20:36.180 [info] [Git][getRemotes] No remotes found in the git config file
2026-03-18 22:20:36.184 [info] > git config --get commit.template [5ms]
2026-03-18 22:20:36.184 [info] > git for-each-ref --format=%(refname)%00%(upstream:short)%00%(objectname)%00%(upstream:track)%00%(upstream:remotename)%00%(upstream:remoteref) refs/heads/master refs/remotes/master [1ms]
2026-03-18 22:20:36.184 [warning] [Git][getBranch] No such branch: master
2026-03-18 22:20:36.192 [info] > git for-each-ref --sort -committerdate --format %(refname)%00%(objectname)%00%(*objectname) [1ms]
2026-03-18 22:20:36.203 [info] > git status -z -uall [15ms]
2026-03-18 22:20:41.254 [info] [Git][getRemotes] No remotes found in the git config file
2026-03-18 22:20:41.254 [info] > git config --get commit.template [4ms]
2026-03-18 22:20:41.255 [info] > git for-each-ref --format=%(refname)%00%(upstream:short)%00%(objectname)%00%(upstream:track)%00%(upstream:remotename)%00%(upstream:remoteref) refs/heads/master refs/remotes/master [1ms]
2026-03-18 22:20:41.255 [warning] [Git][getBranch] No such branch: master
2026-03-18 22:20:41.263 [info] > git for-each-ref --sort -committerdate --format %(refname)%00%(objectname)%00%(*objectname) [0ms]
2026-03-18 22:20:41.274 [info] > git status -z -uall [16ms]
2026-03-18 22:20:53.681 [info] [Git][getRemotes] No remotes found in the git config file
2026-03-18 22:20:53.681 [info] > git config --get commit.template [7ms]
2026-03-18 22:20:53.682 [info] > git for-each-ref --format=%(refname)%00%(upstream:short)%00%(objectname)%00%(upstream:track)%00%(upstream:remotename)%00%(upstream:remoteref) refs/heads/master refs/remotes/master [1ms]
2026-03-18 22:20:53.682 [warning] [Git][getBranch] No such branch: master
2026-03-18 22:20:53.692 [info] > git for-each-ref --sort -committerdate --format %(refname)%00%(objectname)%00%(*objectname) [1ms]
2026-03-18 22:20:53.702 [info] > git status -z -uall [16ms]
2026-03-18 22:21:06.043 [info] [Git][getRemotes] No remotes found in the git config file
2026-03-18 22:21:06.043 [info] > git config --get commit.template [4ms]
2026-03-18 22:21:06.043 [info] > git for-each-ref --format=%(refname)%00%(upstream:short)%00%(objectname)%00%(upstream:track)%00%(upstream:remotename)%00%(upstream:remoteref) refs/heads/master refs/remotes/master [0ms]
2026-03-18 22:21:06.044 [warning] [Git][getBranch] No such branch: master
2026-03-18 22:21:06.053 [info] > git for-each-ref --sort -committerdate --format %(refname)%00%(objectname)%00%(*objectname) [1ms]
2026-03-18 22:21:06.065 [info] > git status -z -uall [17ms]
2026-03-18 22:21:35.339 [info] [Git][getRemotes] No remotes found in the git config file
2026-03-18 22:21:35.339 [info] > git config --get commit.template [5ms]
2026-03-18 22:21:35.340 [info] > git for-each-ref --format=%(refname)%00%(upstream:short)%00%(objectname)%00%(upstream:track)%00%(upstream:remotename)%00%(upstream:remoteref) refs/heads/master refs/remotes/master [1ms]
2026-03-18 22:21:35.340 [warning] [Git][getBranch] No such branch: master
2026-03-18 22:21:35.350 [info] > git for-each-ref --sort -committerdate --format %(refname)%00%(objectname)%00%(*objectname) [1ms]
2026-03-18 22:21:35.360 [info] > git status -z -uall [16ms]
2026-03-18 22:21:37.622 [info] > git check-ignore -v -z --stdin [1ms]
2026-03-18 22:21:40.417 [info] [Git][getRemotes] No remotes found in the git config file
2026-03-18 22:21:40.418 [info] > git config --get commit.template [4ms]
2026-03-18 22:21:40.418 [info] > git for-each-ref --format=%(refname)%00%(upstream:short)%00%(objectname)%00%(upstream:track)%00%(upstream:remotename)%00%(upstream:remoteref) refs/heads/master refs/remotes/master [1ms]
2026-03-18 22:21:40.418 [warning] [Git][getBranch] No such branch: master
2026-03-18 22:21:40.426 [info] > git for-each-ref --sort -committerdate --format %(refname)%00%(objectname)%00%(*objectname) [1ms]
2026-03-18 22:21:40.437 [info] > git status -z -uall [16ms]
2026-03-18 22:21:45.480 [info] [Git][getRemotes] No remotes found in the git config file
2026-03-18 22:21:45.480 [info] > git config --get commit.template [4ms]
2026-03-18 22:21:45.480 [info] > git for-each-ref --format=%(refname)%00%(upstream:short)%00%(objectname)%00%(upstream:track)%00%(upstream:remotename)%00%(upstream:remoteref) refs/heads/master refs/remotes/master [0ms]
2026-03-18 22:21:45.480 [warning] [Git][getBranch] No such branch: master
2026-03-18 22:21:45.488 [info] > git for-each-ref --sort -committerdate --format %(refname)%00%(objectname)%00%(*objectname) [1ms]
2026-03-18 22:21:45.499 [info] > git status -z -uall [15ms]
2026-03-18 22:21:50.543 [info] [Git][getRemotes] No remotes found in the git config file
2026-03-18 22:21:50.543 [info] > git config --get commit.template [5ms]
2026-03-18 22:21:50.543 [info] > git for-each-ref --format=%(refname)%00%(upstream:short)%00%(objectname)%00%(upstream:track)%00%(upstream:remotename)%00%(upstream:remoteref) refs/heads/master refs/remotes/master [1ms]
2026-03-18 22:21:50.543 [warning] [Git][getBranch] No such branch: master
2026-03-18 22:21:50.552 [info] > git for-each-ref --sort -committerdate --format %(refname)%00%(objectname)%00%(*objectname) [0ms]
2026-03-18 22:21:50.563 [info] > git status -z -uall [15ms]
2026-03-18 22:21:55.608 [info] [Git][getRemotes] No remotes found in the git config file
2026-03-18 22:21:55.608 [info] > git config --get commit.template [4ms]
2026-03-18 22:21:55.608 [info] > git for-each-ref --format=%(refname)%00%(upstream:short)%00%(objectname)%00%(upstream:track)%00%(upstream:remotename)%00%(upstream:remoteref) refs/heads/master refs/remotes/master [1ms]
2026-03-18 22:21:55.609 [warning] [Git][getBranch] No such branch: master
2026-03-18 22:21:55.616 [info] > git for-each-ref --sort -committerdate --format %(refname)%00%(objectname)%00%(*objectname) [1ms]
2026-03-18 22:21:55.627 [info] > git status -z -uall [15ms]
2026-03-18 22:22:00.671 [info] [Git][getRemotes] No remotes found in the git config file
2026-03-18 22:22:00.671 [info] > git config --get commit.template [4ms]
2026-03-18 22:22:00.671 [info] > git for-each-ref --format=%(refname)%00%(upstream:short)%00%(objectname)%00%(upstream:track)%00%(upstream:remotename)%00%(upstream:remoteref) refs/heads/master refs/remotes/master [0ms]
2026-03-18 22:22:00.672 [warning] [Git][getBranch] No such branch: master
2026-03-18 22:22:00.679 [info] > git for-each-ref --sort -committerdate --format %(refname)%00%(objectname)%00%(*objectname) [1ms]
2026-03-18 22:22:00.691 [info] > git status -z -uall [16ms]
2026-03-18 22:22:06.312 [info] [Git][getRemotes] No remotes found in the git config file
2026-03-18 22:22:06.312 [info] > git config --get commit.template [5ms]
2026-03-18 22:22:06.313 [info] > git for-each-ref --format=%(refname)%00%(upstream:short)%00%(objectname)%00%(upstream:track)%00%(upstream:remotename)%00%(upstream:remoteref) refs/heads/master refs/remotes/master [1ms]
2026-03-18 22:22:06.313 [warning] [Git][getBranch] No such branch: master
2026-03-18 22:22:06.323 [info] > git for-each-ref --sort -committerdate --format %(refname)%00%(objectname)%00%(*objectname) [1ms]
2026-03-18 22:22:06.334 [info] > git status -z -uall [16ms]
2026-03-18 22:23:31.547 [info] > git check-ignore -v -z --stdin [1ms]
