2026-03-18 21:35:45.148 [info] [main] Log level: Info
2026-03-18 21:35:45.148 [info] [main] Validating found git in: "git"
2026-03-18 21:35:45.148 [info] [main] Using git "2.53.0" from "git"
2026-03-18 21:35:45.148 [info] [Model][doInitialScan] Initial repository scan started
2026-03-18 21:35:45.148 [info] > git rev-parse --show-toplevel [5ms]
2026-03-18 21:35:45.148 [info] fatal: not a git repository (or any of the parent directories): .git
2026-03-18 21:35:45.148 [info] > git rev-parse --show-toplevel [2ms]
2026-03-18 21:35:45.148 [info] fatal: not a git repository (or any of the parent directories): .git
2026-03-18 21:35:45.148 [info] > git rev-parse --show-toplevel [1ms]
2026-03-18 21:35:45.148 [info] fatal: not a git repository (or any of the parent directories): .git
2026-03-18 21:35:45.148 [info] > git rev-parse --show-toplevel [1ms]
2026-03-18 21:35:45.148 [info] fatal: not a git repository (or any of the parent directories): .git
2026-03-18 21:35:45.148 [info] > git rev-parse --show-toplevel [1ms]
2026-03-18 21:35:45.148 [info] fatal: not a git repository (or any of the parent directories): .git
2026-03-18 21:35:45.148 [info] > git rev-parse --show-toplevel [3ms]
2026-03-18 21:35:45.148 [info] fatal: not a git repository (or any of the parent directories): .git
2026-03-18 21:35:45.148 [info] > git rev-parse --show-toplevel [1ms]
2026-03-18 21:35:45.148 [info] fatal: not a git repository (or any of the parent directories): .git
2026-03-18 21:35:45.148 [info] > git rev-parse --show-toplevel [1ms]
2026-03-18 21:35:45.148 [info] fatal: not a git repository (or any of the parent directories): .git
2026-03-18 21:35:45.148 [info] > git rev-parse --show-toplevel [1ms]
2026-03-18 21:35:45.148 [info] fatal: not a git repository (or any of the parent directories): .git
2026-03-18 21:35:45.148 [info] > git rev-parse --show-toplevel [1ms]
2026-03-18 21:35:45.148 [info] fatal: not a git repository (or any of the parent directories): .git
2026-03-18 21:35:45.172 [info] > git rev-parse --show-toplevel [21ms]
2026-03-18 21:35:45.172 [info] fatal: not a git repository (or any of the parent directories): .git
2026-03-18 21:35:45.180 [info] > git rev-parse --show-toplevel [1ms]
2026-03-18 21:35:45.180 [info] fatal: not a git repository (or any of the parent directories): .git
2026-03-18 21:35:45.185 [info] > git rev-parse --show-toplevel [1ms]
2026-03-18 21:35:45.185 [info] fatal: not a git repository (or any of the parent directories): .git
2026-03-18 21:35:45.190 [info] > git rev-parse --show-toplevel [1ms]
2026-03-18 21:35:45.190 [info] fatal: not a git repository (or any of the parent directories): .git
2026-03-18 21:35:45.270 [info] > git rev-parse --show-toplevel [77ms]
2026-03-18 21:35:45.270 [info] fatal: not a git repository (or any of the parent directories): .git
2026-03-18 21:35:45.288 [info] > git rev-parse --show-toplevel [0ms]
2026-03-18 21:35:45.289 [info] fatal: not a git repository (or any of the parent directories): .git
2026-03-18 21:35:45.294 [info] > git rev-parse --show-toplevel [2ms]
2026-03-18 21:35:45.294 [info] fatal: not a git repository (or any of the parent directories): .git
2026-03-18 21:35:45.301 [info] > git rev-parse --show-toplevel [2ms]
2026-03-18 21:35:45.301 [info] fatal: not a git repository (or any of the parent directories): .git
2026-03-18 21:35:45.313 [info] > git rev-parse --show-toplevel [6ms]
2026-03-18 21:35:45.313 [info] fatal: not a git repository (or any of the parent directories): .git
2026-03-18 21:35:45.321 [info] > git rev-parse --show-toplevel [1ms]
2026-03-18 21:35:45.321 [info] fatal: not a git repository (or any of the parent directories): .git
2026-03-18 21:35:45.326 [info] > git rev-parse --show-toplevel [1ms]
2026-03-18 21:35:45.326 [info] fatal: not a git repository (or any of the parent directories): .git
2026-03-18 21:35:45.334 [info] > git rev-parse --show-toplevel [2ms]
2026-03-18 21:35:45.334 [info] fatal: not a git repository (or any of the parent directories): .git
2026-03-18 21:35:45.340 [info] > git rev-parse --show-toplevel [2ms]
2026-03-18 21:35:45.340 [info] fatal: not a git repository (or any of the parent directories): .git
2026-03-18 21:35:45.345 [info] > git rev-parse --show-toplevel [1ms]
2026-03-18 21:35:45.345 [info] fatal: not a git repository (or any of the parent directories): .git
2026-03-18 21:35:45.350 [info] > git rev-parse --show-toplevel [1ms]
2026-03-18 21:35:45.350 [info] fatal: not a git repository (or any of the parent directories): .git
2026-03-18 21:35:45.354 [info] > git rev-parse --show-toplevel [1ms]
2026-03-18 21:35:45.354 [info] fatal: not a git repository (or any of the parent directories): .git
2026-03-18 21:35:45.359 [info] > git rev-parse --show-toplevel [1ms]
2026-03-18 21:35:45.359 [info] fatal: not a git repository (or any of the parent directories): .git
2026-03-18 21:35:45.364 [info] > git rev-parse --show-toplevel [1ms]
2026-03-18 21:35:45.364 [info] fatal: not a git repository (or any of the parent directories): .git
2026-03-18 21:35:45.382 [info] > git rev-parse --show-toplevel [14ms]
2026-03-18 21:35:45.382 [info] fatal: not a git repository (or any of the parent directories): .git
2026-03-18 21:35:45.384 [info] [Model][doInitialScan] Initial repository scan completed - repositories (0), closed repositories (0), parent repositories (0), unsafe repositories (0)
2026-03-18 21:35:45.406 [info] > git rev-parse --show-toplevel [11ms]
2026-03-18 21:35:45.406 [info] fatal: not a git repository (or any of the parent directories): .git
2026-03-18 21:35:45.411 [info] > git rev-parse --show-toplevel [1ms]
2026-03-18 21:35:45.411 [info] fatal: not a git repository (or any of the parent directories): .git
2026-03-18 21:35:45.414 [info] > git rev-parse --show-toplevel [0ms]
2026-03-18 21:35:45.414 [info] fatal: not a git repository (or any of the parent directories): .git
2026-03-18 21:35:45.462 [info] > git rev-parse --show-toplevel [1ms]
2026-03-18 21:35:45.462 [info] fatal: not a git repository (or any of the parent directories): .git
2026-03-18 21:35:51.565 [info] > git rev-parse --show-toplevel [1ms]
2026-03-18 21:35:51.565 [info] fatal: not a git repository (or any of the parent directories): .git
