2026-03-18 21:18:12.978 [info] [main] Log level: Info
2026-03-18 21:18:12.978 [info] [main] Validating found git in: "git"
2026-03-18 21:18:12.978 [info] [main] Using git "2.53.0" from "git"
2026-03-18 21:18:12.978 [info] [Model][doInitialScan] Initial repository scan started
2026-03-18 21:18:12.978 [info] > git rev-parse --show-toplevel [5ms]
2026-03-18 21:18:12.978 [info] fatal: not a git repository (or any of the parent directories): .git
2026-03-18 21:18:12.978 [info] > git rev-parse --show-toplevel [3ms]
2026-03-18 21:18:12.978 [info] fatal: not a git repository (or any of the parent directories): .git
2026-03-18 21:18:12.978 [info] > git rev-parse --show-toplevel [2ms]
2026-03-18 21:18:12.978 [info] fatal: not a git repository (or any of the parent directories): .git
2026-03-18 21:18:12.978 [info] > git rev-parse --show-toplevel [2ms]
2026-03-18 21:18:12.978 [info] fatal: not a git repository (or any of the parent directories): .git
2026-03-18 21:18:12.979 [info] > git rev-parse --show-toplevel [22ms]
2026-03-18 21:18:12.979 [info] fatal: not a git repository (or any of the parent directories): .git
2026-03-18 21:18:13.119 [info] > git rev-parse --show-toplevel [134ms]
2026-03-18 21:18:13.119 [info] fatal: not a git repository (or any of the parent directories): .git
2026-03-18 21:18:13.159 [info] > git rev-parse --show-toplevel [8ms]
2026-03-18 21:18:13.159 [info] fatal: not a git repository (or any of the parent directories): .git
2026-03-18 21:18:13.168 [info] > git rev-parse --show-toplevel [4ms]
2026-03-18 21:18:13.168 [info] fatal: not a git repository (or any of the parent directories): .git
2026-03-18 21:18:13.174 [info] > git rev-parse --show-toplevel [2ms]
2026-03-18 21:18:13.174 [info] fatal: not a git repository (or any of the parent directories): .git
2026-03-18 21:18:13.181 [info] > git rev-parse --show-toplevel [2ms]
2026-03-18 21:18:13.181 [info] fatal: not a git repository (or any of the parent directories): .git
2026-03-18 21:18:13.186 [info] > git rev-parse --show-toplevel [1ms]
2026-03-18 21:18:13.187 [info] fatal: not a git repository (or any of the parent directories): .git
2026-03-18 21:18:13.197 [info] > git rev-parse --show-toplevel [6ms]
2026-03-18 21:18:13.197 [info] fatal: not a git repository (or any of the parent directories): .git
2026-03-18 21:18:13.202 [info] > git rev-parse --show-toplevel [1ms]
2026-03-18 21:18:13.202 [info] fatal: not a git repository (or any of the parent directories): .git
2026-03-18 21:18:13.208 [info] > git rev-parse --show-toplevel [1ms]
2026-03-18 21:18:13.208 [info] fatal: not a git repository (or any of the parent directories): .git
2026-03-18 21:18:13.223 [info] > git rev-parse --show-toplevel [9ms]
2026-03-18 21:18:13.223 [info] fatal: not a git repository (or any of the parent directories): .git
2026-03-18 21:18:13.229 [info] > git rev-parse --show-toplevel [1ms]
2026-03-18 21:18:13.229 [info] fatal: not a git repository (or any of the parent directories): .git
2026-03-18 21:18:13.245 [info] > git rev-parse --show-toplevel [12ms]
2026-03-18 21:18:13.245 [info] fatal: not a git repository (or any of the parent directories): .git
2026-03-18 21:18:13.257 [info] > git rev-parse --show-toplevel [8ms]
2026-03-18 21:18:13.258 [info] fatal: not a git repository (or any of the parent directories): .git
2026-03-18 21:18:13.263 [info] > git rev-parse --show-toplevel [1ms]
2026-03-18 21:18:13.263 [info] fatal: not a git repository (or any of the parent directories): .git
2026-03-18 21:18:13.267 [info] > git rev-parse --show-toplevel [1ms]
2026-03-18 21:18:13.267 [info] fatal: not a git repository (or any of the parent directories): .git
2026-03-18 21:18:13.272 [info] > git rev-parse --show-toplevel [1ms]
2026-03-18 21:18:13.272 [info] fatal: not a git repository (or any of the parent directories): .git
2026-03-18 21:18:13.277 [info] > git rev-parse --show-toplevel [1ms]
2026-03-18 21:18:13.277 [info] fatal: not a git repository (or any of the parent directories): .git
2026-03-18 21:18:13.282 [info] > git rev-parse --show-toplevel [1ms]
2026-03-18 21:18:13.282 [info] fatal: not a git repository (or any of the parent directories): .git
2026-03-18 21:18:13.286 [info] > git rev-parse --show-toplevel [1ms]
2026-03-18 21:18:13.286 [info] fatal: not a git repository (or any of the parent directories): .git
2026-03-18 21:18:13.290 [info] > git rev-parse --show-toplevel [1ms]
2026-03-18 21:18:13.290 [info] fatal: not a git repository (or any of the parent directories): .git
2026-03-18 21:18:13.295 [info] > git rev-parse --show-toplevel [1ms]
2026-03-18 21:18:13.295 [info] fatal: not a git repository (or any of the parent directories): .git
2026-03-18 21:18:13.298 [info] > git rev-parse --show-toplevel [0ms]
2026-03-18 21:18:13.298 [info] fatal: not a git repository (or any of the parent directories): .git
2026-03-18 21:18:13.302 [info] > git rev-parse --show-toplevel [1ms]
2026-03-18 21:18:13.302 [info] fatal: not a git repository (or any of the parent directories): .git
2026-03-18 21:18:13.306 [info] > git rev-parse --show-toplevel [1ms]
2026-03-18 21:18:13.306 [info] fatal: not a git repository (or any of the parent directories): .git
2026-03-18 21:18:13.309 [info] [Model][doInitialScan] Initial repository scan completed - repositories (0), closed repositories (0), parent repositories (0), unsafe repositories (0)
2026-03-18 21:18:13.314 [info] > git rev-parse --show-toplevel [1ms]
2026-03-18 21:18:13.314 [info] fatal: not a git repository (or any of the parent directories): .git
2026-03-18 21:18:13.319 [info] > git rev-parse --show-toplevel [1ms]
2026-03-18 21:18:13.319 [info] fatal: not a git repository (or any of the parent directories): .git
2026-03-18 21:18:14.241 [info] > git rev-parse --show-toplevel [1ms]
2026-03-18 21:18:14.241 [info] fatal: not a git repository (or any of the parent directories): .git
2026-03-18 21:19:01.757 [info] > git rev-parse --show-toplevel [1ms]
2026-03-18 21:19:01.757 [info] fatal: not a git repository (or any of the parent directories): .git
2026-03-18 21:19:22.750 [info] > git rev-parse --show-toplevel [1ms]
2026-03-18 21:19:22.750 [info] fatal: not a git repository (or any of the parent directories): .git
2026-03-18 21:21:07.847 [info] > git rev-parse --show-toplevel [1ms]
2026-03-18 21:21:07.847 [info] fatal: not a git repository (or any of the parent directories): .git
